<testsuites>
<testsuite tests="135" errors="15" name="Autotest tests" timestamp="2015-08-14" hostname="hp-dl385g7-10.qe.lab.eng.nay.redhat.com " time="65460.000000" failures="2">
<properties/>
<testcase classname="autotest.virt" name="qemu.repeat1.smp_16.16384m.Host_RHEL.7.2.spice.qcow2.virtio_scsi.up.virtio_net.RHEL.7.2.x86_64.io-github-autotest-qemu.unattended_install.cdrom.extra_cdrom_ks.default_install.aio_threads" time="1900.000000"/>
<testcase classname="autotest.virt" name="qemu.repeat1.smp_16.16384m.Host_RHEL.7.2.spice.qcow2.virtio_scsi.up.virtio_net.RHEL.7.2.x86_64.io-github-autotest-qemu.shutdown" time="85.000000"/>
<testcase classname="autotest.virt" name="qemu.repeat1.smp_16.16384m.Host_RHEL.7.2.spice.qcow2.virtio_scsi.up.virtio_net.Win2008.x86_64.r2.io-github-autotest-qemu.unattended_install.cdrom.extra_cdrom_ks.default_install.aio_threads" time="1720.000000"/>
<testcase classname="autotest.virt" name="qemu.repeat1.smp_16.16384m.Host_RHEL.7.2.spice.qcow2.virtio_scsi.up.virtio_net.Win2008.x86_64.r2.io-github-autotest-qemu.shutdown" time="68.000000"/>
<testcase classname="autotest.virt" name="qemu.repeat1.smp_16.16384m.Host_RHEL.7.2.spice.qcow2.virtio_scsi.up.virtio_net.Win2012.x86_64.r2.io-github-autotest-qemu.unattended_install.cdrom.extra_cdrom_ks.default_install.aio_threads" time="1289.000000"/>
<testcase classname="autotest.virt" name="qemu.repeat1.smp_16.16384m.Host_RHEL.7.2.spice.qcow2.virtio_scsi.up.virtio_net.Win2012.x86_64.r2.io-github-autotest-qemu.shutdown" time="535.000000">
<error message="Unexpected value for result in test result for test virt.qemu.repeat1.smp_16.16384m.Host_RHEL.7.2.spice.qcow2.virtio_scsi.up.virtio_net.Win2012.x86_64.r2.io-github-autotest-qemu.shutdown" type="Logparse">result=FAIL</error>
</testcase>
<testcase classname="autotest.virt" name="qemu.repeat1.smp_16.16384m.Host_RHEL.7.2.spice.qcow2.virtio_scsi.up.virtio_net.Win8.i386.1.io-github-autotest-qemu.unattended_install.cdrom.extra_cdrom_ks.default_install.aio_threads" time="1758.000000"/>
<testcase classname="autotest.virt" name="qemu.repeat1.smp_16.16384m.Host_RHEL.7.2.spice.qcow2.virtio_scsi.up.virtio_net.Win8.i386.1.io-github-autotest-qemu.shutdown" time="86.000000"/>
<testcase classname="autotest.virt" name="qemu.repeat1.smp_16.16384m.Host_RHEL.7.2.spice.qcow2.virtio_scsi.up.virtio_net.Win8.x86_64.1.io-github-autotest-qemu.unattended_install.cdrom.extra_cdrom_ks.default_install.aio_threads" time="1806.000000"/>
<testcase classname="autotest.virt" name="qemu.repeat1.smp_16.16384m.Host_RHEL.7.2.spice.qcow2.virtio_scsi.up.virtio_net.Win8.x86_64.1.io-github-autotest-qemu.shutdown" time="116.000000"/>
<testcase classname="autotest.virt" name="qemu.repeat1.smp_16.16384m.Host_RHEL.7.2.spice.qcow2.virtio_blk.up.virtio_net.RHEL.6.6.i386.io-github-autotest-qemu.unattended_install.cdrom.extra_cdrom_ks.default_install.aio_threads" time="1308.000000"/>
<testcase classname="autotest.virt" name="qemu.repeat1.smp_16.16384m.Host_RHEL.7.2.spice.qcow2.virtio_blk.up.virtio_net.RHEL.6.6.i386.io-github-autotest-qemu.shutdown" time="122.000000"/>
<testcase classname="autotest.virt" name="qemu.repeat1.smp_16.16384m.Host_RHEL.7.2.spice.qcow2.virtio_blk.up.virtio_net.RHEL.6.6.x86_64.io-github-autotest-qemu.unattended_install.cdrom.extra_cdrom_ks.default_install.aio_threads" time="1202.000000"/>
<testcase classname="autotest.virt" name="qemu.repeat1.smp_16.16384m.Host_RHEL.7.2.spice.qcow2.virtio_blk.up.virtio_net.RHEL.6.6.x86_64.io-github-autotest-qemu.shutdown" time="118.000000"/>
<testcase classname="autotest.virt" name="qemu.repeat1.smp_16.16384m.Host_RHEL.7.2.spice.qcow2.virtio_blk.up.virtio_net.RHEL.5.11.i386.io-github-autotest-qemu.unattended_install.cdrom.extra_cdrom_ks.default_install.aio_threads" time="833.000000"/>
<testcase classname="autotest.virt" name="qemu.repeat1.smp_16.16384m.Host_RHEL.7.2.spice.qcow2.virtio_blk.up.virtio_net.RHEL.5.11.i386.io-github-autotest-qemu.shutdown" time="502.000000">
<error message="Unexpected value for result in test result for test virt.qemu.repeat1.smp_16.16384m.Host_RHEL.7.2.spice.qcow2.virtio_blk.up.virtio_net.RHEL.5.11.i386.io-github-autotest-qemu.shutdown" type="Logparse">result=FAIL</error>
</testcase>
<testcase classname="autotest.virt" name="qemu.repeat1.smp_16.16384m.Host_RHEL.7.2.spice.qcow2.virtio_blk.up.virtio_net.RHEL.5.11.x86_64.io-github-autotest-qemu.unattended_install.cdrom.extra_cdrom_ks.default_install.aio_threads" time="779.000000"/>
<testcase classname="autotest.virt" name="qemu.repeat1.smp_16.16384m.Host_RHEL.7.2.spice.qcow2.virtio_blk.up.virtio_net.RHEL.5.11.x86_64.io-github-autotest-qemu.shutdown" time="129.000000"/>
<testcase classname="autotest.virt" name="qemu.repeat1.smp_16.16384m.Host_RHEL.7.2.spice.qcow2.virtio_blk.up.virtio_net.Win7.i386.sp1.io-github-autotest-qemu.unattended_install.cdrom.extra_cdrom_ks.default_install.aio_threads" time="1366.000000"/>
<testcase classname="autotest.virt" name="qemu.repeat1.smp_16.16384m.Host_RHEL.7.2.spice.qcow2.virtio_blk.up.virtio_net.Win7.i386.sp1.io-github-autotest-qemu.shutdown" time="78.000000"/>
<testcase classname="autotest.virt" name="qemu.repeat1.smp_16.16384m.Host_RHEL.7.2.spice.qcow2.virtio_blk.up.virtio_net.Win7.x86_64.sp1.io-github-autotest-qemu.unattended_install.cdrom.extra_cdrom_ks.default_install.aio_threads" time="1358.000000"/>
<testcase classname="autotest.virt" name="qemu.repeat1.smp_16.16384m.Host_RHEL.7.2.spice.qcow2.virtio_blk.up.virtio_net.Win7.x86_64.sp1.io-github-autotest-qemu.shutdown" time="86.000000"/>
<testcase classname="autotest.virt" name="qemu.repeat1.smp_16.16384m.Host_RHEL.7.2.spice.qcow2.virtio_scsi.up.virtio_net.RHEL.7.2.x86_64.io-github-autotest-qemu.rh_kernel_update" time="525.000000"/>
<testcase classname="autotest.virt" name="qemu.repeat1.smp_16.16384m.Host_RHEL.7.2.spice.qcow2.virtio_scsi.up.virtio_net.Win2012.x86_64.r2.io-github-autotest-qemu.win_virtio_update.install_driver" time="823.000000">
<error message="Unexpected value for result in test result for test virt.qemu.repeat1.smp_16.16384m.Host_RHEL.7.2.spice.qcow2.virtio_scsi.up.virtio_net.Win2012.x86_64.r2.io-github-autotest-qemu.win_virtio_update.install_driver" type="Logparse">result=FAIL</error>
</testcase>
<testcase classname="autotest.virt" name="qemu.repeat1.smp_16.16384m.Host_RHEL.7.2.spice.qcow2.virtio_scsi.up.virtio_net.Win2012.x86_64.r2.io-github-autotest-qemu.disable_win_update" time="71.000000"/>
<testcase classname="autotest.virt" name="qemu.repeat1.smp_16.16384m.Host_RHEL.7.2.spice.qcow2.virtio_scsi.up.virtio_net.RHEL.7.2.x86_64.io-github-autotest-qemu.format_disk" time="150.000000"/>
<testcase classname="autotest.virt" name="qemu.repeat1.smp_16.16384m.Host_RHEL.7.2.spice.qcow2.virtio_scsi.up.virtio_net.RHEL.7.2.x86_64.io-github-autotest-qemu.cdrom_test.cdrom_default" time="292.000000"/>
<testcase classname="autotest.virt" name="qemu.repeat1.smp_16.16384m.Host_RHEL.7.2.spice.qcow2.virtio_scsi.up.virtio_net.RHEL.7.2.x86_64.io-github-autotest-qemu.dd_test.readwrite.zero2disk" time="94.000000"/>
<testcase classname="autotest.virt" name="qemu.repeat1.smp_16.16384m.Host_RHEL.7.2.spice.qcow2.virtio_scsi.up.virtio_net.RHEL.7.2.x86_64.io-github-autotest-qemu.dd_test.readwrite.disk2null" time="16.000000"/>
<testcase classname="autotest.virt" name="qemu.repeat1.smp_16.16384m.Host_RHEL.7.2.spice.qcow2.virtio_scsi.up.virtio_net.RHEL.7.2.x86_64.io-github-autotest-qemu.autotest.scsi_testsuite.scsi-disk" time="117.000000"/>
<testcase classname="autotest.virt" name="qemu.repeat1.smp_16.16384m.Host_RHEL.7.2.spice.qcow2.virtio_scsi.up.virtio_net.RHEL.7.2.x86_64.io-github-autotest-qemu.fillup_disk" time="310.000000"/>
<testcase classname="autotest.virt" name="qemu.repeat1.smp_16.16384m.Host_RHEL.7.2.spice.qcow2.virtio_scsi.up.virtio_net.Win2012.x86_64.r2.io-github-autotest-qemu.readonly_disk" time="193.000000"/>
<testcase classname="autotest.virt" name="qemu.repeat1.smp_16.16384m.Host_RHEL.7.2.spice.qcow2.virtio_scsi.up.virtio_net.Win2012.x86_64.r2.io-github-autotest-qemu.format_disk" time="349.000000"/>
<testcase classname="autotest.virt" name="qemu.repeat1.smp_16.16384m.Host_RHEL.7.2.spice.qcow2.virtio_scsi.up.virtio_net.Win2012.x86_64.r2.io-github-autotest-qemu.cdrom_test.cdrom_default" time="252.000000"/>
<testcase classname="autotest.virt" name="qemu.repeat1.smp_16.16384m.Host_RHEL.7.2.spice.qcow2.virtio_scsi.up.virtio_net.RHEL.7.2.x86_64.io-github-autotest-qemu.netperf_stress_test.TCP_STREAM.guest2guest" time="284.000000"/>
<testcase classname="autotest.virt" name="qemu.repeat1.smp_16.16384m.Host_RHEL.7.2.spice.qcow2.virtio_scsi.up.virtio_net.RHEL.7.2.x86_64.io-github-autotest-qemu.netperf_stress_test.TCP_STREAM.host2guest" time="209.000000"/>
<testcase classname="autotest.virt" name="qemu.repeat1.smp_16.16384m.Host_RHEL.7.2.spice.qcow2.virtio_scsi.up.virtio_net.RHEL.7.2.x86_64.io-github-autotest-qemu.ping.default_ping" time="953.000000"/>
<testcase classname="autotest.virt" name="qemu.repeat1.smp_16.16384m.Host_RHEL.7.2.spice.qcow2.virtio_scsi.up.virtio_net.RHEL.7.2.x86_64.io-github-autotest-qemu.pxe_boot" time="138.000000"/>
<testcase classname="autotest.virt" name="qemu.repeat1.smp_16.16384m.Host_RHEL.7.2.spice.qcow2.virtio_scsi.up.virtio_net.RHEL.7.2.x86_64.io-github-autotest-qemu.pxe_boot.with_query_cpus" time="140.000000"/>
<testcase classname="autotest.virt" name="qemu.repeat1.smp_16.16384m.Host_RHEL.7.2.spice.qcow2.virtio_scsi.up.virtio_net.Win2012.x86_64.r2.io-github-autotest-qemu.netperf_stress_test.TCP_STREAM.guest2guest" time="311.000000"/>
<testcase classname="autotest.virt" name="qemu.repeat1.smp_16.16384m.Host_RHEL.7.2.spice.qcow2.virtio_scsi.up.virtio_net.Win2012.x86_64.r2.io-github-autotest-qemu.netperf_stress_test.TCP_STREAM.host2guest" time="193.000000"/>
<testcase classname="autotest.virt" name="qemu.repeat1.smp_16.16384m.Host_RHEL.7.2.spice.qcow2.virtio_scsi.up.virtio_net.Win2012.x86_64.r2.io-github-autotest-qemu.ping.default_ping" time="955.000000"/>
<testcase classname="autotest.virt" name="qemu.repeat1.smp_16.16384m.Host_RHEL.7.2.spice.qcow2.virtio_scsi.up.virtio_net.Win2012.x86_64.r2.io-github-autotest-qemu.pxe_boot" time="140.000000"/>
<testcase classname="autotest.virt" name="qemu.repeat1.smp_16.16384m.Host_RHEL.7.2.spice.qcow2.virtio_scsi.up.virtio_net.Win2012.x86_64.r2.io-github-autotest-qemu.pxe_boot.with_query_cpus" time="139.000000"/>
<testcase classname="autotest.virt" name="qemu.repeat1.smp_16.16384m.Host_RHEL.7.2.spice.qcow2.virtio_scsi.up.virtio_net.RHEL.7.2.x86_64.io-github-autotest-qemu.migrate.tcp" time="220.000000"/>
<testcase classname="autotest.virt" name="qemu.repeat1.smp_16.16384m.Host_RHEL.7.2.spice.qcow2.virtio_scsi.up.virtio_net.RHEL.7.2.x86_64.io-github-autotest-qemu.migrate.mig_cancel" time="108.000000">
<error message="Unexpected value for result in test result for test virt.qemu.repeat1.smp_16.16384m.Host_RHEL.7.2.spice.qcow2.virtio_scsi.up.virtio_net.RHEL.7.2.x86_64.io-github-autotest-qemu.migrate.mig_cancel" type="Logparse">result=FAIL</error>
</testcase>
<testcase classname="autotest.virt" name="qemu.repeat1.smp_16.16384m.Host_RHEL.7.2.spice.qcow2.virtio_scsi.up.virtio_net.RHEL.7.2.x86_64.io-github-autotest-qemu.migrate.with_reboot.tcp" time="180.000000"/>
<testcase classname="autotest.virt" name="qemu.repeat1.smp_16.16384m.Host_RHEL.7.2.spice.qcow2.virtio_scsi.up.virtio_net.RHEL.7.2.x86_64.io-github-autotest-qemu.migrate.with_file_transfer.tcp" time="238.000000"/>
<testcase classname="autotest.virt" name="qemu.repeat1.smp_16.16384m.Host_RHEL.7.2.spice.qcow2.virtio_scsi.up.virtio_net.Win2012.x86_64.r2.io-github-autotest-qemu.migrate.tcp" time="255.000000"/>
<testcase classname="autotest.virt" name="qemu.repeat1.smp_16.16384m.Host_RHEL.7.2.spice.qcow2.virtio_scsi.up.virtio_net.Win2012.x86_64.r2.io-github-autotest-qemu.migrate.mig_cancel" time="64.000000"/>
<testcase classname="autotest.virt" name="qemu.repeat1.smp_16.16384m.Host_RHEL.7.2.spice.qcow2.virtio_scsi.up.virtio_net.Win2012.x86_64.r2.io-github-autotest-qemu.migrate.with_reboot.tcp" time="94.000000"/>
<testcase classname="autotest.virt" name="qemu.repeat1.smp_16.16384m.Host_RHEL.7.2.spice.qcow2.virtio_scsi.up.virtio_net.Win2012.x86_64.r2.io-github-autotest-qemu.migrate.with_file_transfer.tcp" time="194.000000"/>
<testcase classname="autotest.virt" name="qemu.repeat1.smp_16.16384m.Host_RHEL.7.2.spice.qcow2.virtio_scsi.up.virtio_net.RHEL.7.2.x86_64.io-github-autotest-qemu.drive_mirror.simple_test.cancel" time="883.000000"/>
<testcase classname="autotest.virt" name="qemu.repeat1.smp_16.16384m.Host_RHEL.7.2.spice.qcow2.virtio_scsi.up.virtio_net.RHEL.7.2.x86_64.io-github-autotest-qemu.drive_mirror.simple_test.set_speed" time="409.000000"/>
<testcase classname="autotest.virt" name="qemu.repeat1.smp_16.16384m.Host_RHEL.7.2.spice.qcow2.virtio_scsi.up.virtio_net.RHEL.7.2.x86_64.io-github-autotest-qemu.drive_mirror.simple_test.reset_speed" time="357.000000"/>
<testcase classname="autotest.virt" name="qemu.repeat1.smp_16.16384m.Host_RHEL.7.2.spice.qcow2.virtio_scsi.up.virtio_net.RHEL.7.2.x86_64.io-github-autotest-qemu.drive_mirror.simple_test.query" time="364.000000"/>
<testcase classname="autotest.virt" name="qemu.repeat1.smp_16.16384m.Host_RHEL.7.2.spice.qcow2.virtio_scsi.up.virtio_net.RHEL.7.2.x86_64.io-github-autotest-qemu.drive_mirror.simple_test.mirroring.block_job_complete.target_in_localfs" time="925.000000"/>
<testcase classname="autotest.virt" name="qemu.repeat1.smp_16.16384m.Host_RHEL.7.2.spice.qcow2.virtio_scsi.up.virtio_net.RHEL.7.2.x86_64.io-github-autotest-qemu.drive_mirror.simple_test.mirroring.block_job_complete.target_in_nfs" time="1081.000000">
<error message="Unexpected value for result in test result for test virt.qemu.repeat1.smp_16.16384m.Host_RHEL.7.2.spice.qcow2.virtio_scsi.up.virtio_net.RHEL.7.2.x86_64.io-github-autotest-qemu.drive_mirror.simple_test.mirroring.block_job_complete.target_in_nfs" type="Logparse">result=FAIL</error>
</testcase>
<testcase classname="autotest.virt" name="qemu.repeat1.smp_16.16384m.Host_RHEL.7.2.spice.qcow2.virtio_scsi.up.virtio_net.RHEL.7.2.x86_64.io-github-autotest-qemu.drive_mirror.simple_test.mirroring.block_job_complete.target_to_iscsi" time="793.000000">
<error message="Unexpected value for result in test result for test virt.qemu.repeat1.smp_16.16384m.Host_RHEL.7.2.spice.qcow2.virtio_scsi.up.virtio_net.RHEL.7.2.x86_64.io-github-autotest-qemu.drive_mirror.simple_test.mirroring.block_job_complete.target_to_iscsi" type="Logparse">result=FAIL</error>
</testcase>
<testcase classname="autotest.virt" name="qemu.repeat1.smp_16.16384m.Host_RHEL.7.2.spice.qcow2.virtio_scsi.up.virtio_net.RHEL.7.2.x86_64.io-github-autotest-qemu.drive_mirror.simple_test.mirroring.continuous_backup" time="1207.000000">
<error message="Unexpected value for result in test result for test virt.qemu.repeat1.smp_16.16384m.Host_RHEL.7.2.spice.qcow2.virtio_scsi.up.virtio_net.RHEL.7.2.x86_64.io-github-autotest-qemu.drive_mirror.simple_test.mirroring.continuous_backup" type="Logparse">result=FAIL</error>
</testcase>
<testcase classname="autotest.virt" name="qemu.repeat1.smp_16.16384m.Host_RHEL.7.2.spice.qcow2.virtio_scsi.up.virtio_net.RHEL.7.2.x86_64.io-github-autotest-qemu.drive_mirror.simple_test.negative_test.readonly_target" time="336.000000"/>
<testcase classname="autotest.virt" name="qemu.repeat1.smp_16.16384m.Host_RHEL.7.2.spice.qcow2.virtio_scsi.up.virtio_net.RHEL.7.2.x86_64.io-github-autotest-qemu.live_snapshot.with_reboot" time="207.000000"/>
<testcase classname="autotest.virt" name="qemu.repeat1.smp_16.16384m.Host_RHEL.7.2.spice.qcow2.virtio_scsi.up.virtio_net.RHEL.7.2.x86_64.io-github-autotest-qemu.live_snapshot.with_runtime" time="272.000000"/>
<testcase classname="autotest.virt" name="qemu.repeat1.smp_16.16384m.Host_RHEL.7.2.spice.qcow2.virtio_scsi.up.virtio_net.RHEL.7.2.x86_64.io-github-autotest-qemu.live_snapshot.with_file_transfer" time="240.000000"/>
<testcase classname="autotest.virt" name="qemu.repeat1.smp_16.16384m.Host_RHEL.7.2.spice.qcow2.virtio_scsi.up.virtio_net.RHEL.7.2.x86_64.io-github-autotest-qemu.live_snapshot.base" time="365.000000"/>
<testcase classname="autotest.virt" name="qemu.repeat1.smp_16.16384m.Host_RHEL.7.2.spice.qcow2.virtio_scsi.up.virtio_net.RHEL.7.2.x86_64.io-github-autotest-qemu.block_stream.simple_test.start_stream" time="963.000000"/>
<testcase classname="autotest.virt" name="qemu.repeat1.smp_16.16384m.Host_RHEL.7.2.spice.qcow2.virtio_scsi.up.virtio_net.RHEL.7.2.x86_64.io-github-autotest-qemu.block_stream.simple_test.set_speed" time="2221.000000"/>
<testcase classname="autotest.virt" name="qemu.repeat1.smp_16.16384m.Host_RHEL.7.2.spice.qcow2.virtio_scsi.up.virtio_net.RHEL.7.2.x86_64.io-github-autotest-qemu.block_stream.simple_test.reset_speed" time="2193.000000"/>
<testcase classname="autotest.virt" name="qemu.repeat1.smp_16.16384m.Host_RHEL.7.2.spice.qcow2.virtio_scsi.up.virtio_net.RHEL.7.2.x86_64.io-github-autotest-qemu.block_stream.simple_test.cancel_sync" time="218.000000"/>
<testcase classname="autotest.virt" name="qemu.repeat1.smp_16.16384m.Host_RHEL.7.2.spice.qcow2.virtio_scsi.up.virtio_net.RHEL.7.2.x86_64.io-github-autotest-qemu.block_stream.simple_test.cancel_async" time="195.000000"/>
<testcase classname="autotest.virt" name="qemu.repeat1.smp_16.16384m.Host_RHEL.7.2.spice.qcow2.virtio_scsi.up.virtio_net.RHEL.7.2.x86_64.io-github-autotest-qemu.block_stream.simple_test.query" time="220.000000"/>
<testcase classname="autotest.virt" name="qemu.repeat1.smp_16.16384m.Host_RHEL.7.2.spice.qcow2.virtio_scsi.up.virtio_net.RHEL.7.2.x86_64.io-github-autotest-qemu.live_snapshot_chain.pause" time="122.000000"/>
<testcase classname="autotest.virt" name="qemu.repeat1.smp_16.16384m.Host_RHEL.7.2.spice.qcow2.virtio_scsi.up.virtio_net.Win2012.x86_64.r2.io-github-autotest-qemu.drive_mirror.simple_test.cancel" time="589.000000"/>
<testcase classname="autotest.virt" name="qemu.repeat1.smp_16.16384m.Host_RHEL.7.2.spice.qcow2.virtio_scsi.up.virtio_net.Win2012.x86_64.r2.io-github-autotest-qemu.drive_mirror.simple_test.set_speed" time="356.000000"/>
<testcase classname="autotest.virt" name="qemu.repeat1.smp_16.16384m.Host_RHEL.7.2.spice.qcow2.virtio_scsi.up.virtio_net.Win2012.x86_64.r2.io-github-autotest-qemu.drive_mirror.simple_test.reset_speed" time="228.000000"/>
<testcase classname="autotest.virt" name="qemu.repeat1.smp_16.16384m.Host_RHEL.7.2.spice.qcow2.virtio_scsi.up.virtio_net.Win2012.x86_64.r2.io-github-autotest-qemu.drive_mirror.simple_test.query" time="282.000000"/>
<testcase classname="autotest.virt" name="qemu.repeat1.smp_16.16384m.Host_RHEL.7.2.spice.qcow2.virtio_scsi.up.virtio_net.Win2012.x86_64.r2.io-github-autotest-qemu.drive_mirror.simple_test.mirroring.block_job_complete.target_in_localfs" time="1180.000000">
<error message="Unexpected value for result in test result for test virt.qemu.repeat1.smp_16.16384m.Host_RHEL.7.2.spice.qcow2.virtio_scsi.up.virtio_net.Win2012.x86_64.r2.io-github-autotest-qemu.drive_mirror.simple_test.mirroring.block_job_complete.target_in_localfs" type="Logparse">result=FAIL</error>
</testcase>
<testcase classname="autotest.virt" name="qemu.repeat1.smp_16.16384m.Host_RHEL.7.2.spice.qcow2.virtio_scsi.up.virtio_net.Win2012.x86_64.r2.io-github-autotest-qemu.drive_mirror.simple_test.mirroring.block_job_complete.target_in_nfs" time="1029.000000">
<error message="Unexpected value for result in test result for test virt.qemu.repeat1.smp_16.16384m.Host_RHEL.7.2.spice.qcow2.virtio_scsi.up.virtio_net.Win2012.x86_64.r2.io-github-autotest-qemu.drive_mirror.simple_test.mirroring.block_job_complete.target_in_nfs" type="Logparse">result=FAIL</error>
</testcase>
<testcase classname="autotest.virt" name="qemu.repeat1.smp_16.16384m.Host_RHEL.7.2.spice.qcow2.virtio_scsi.up.virtio_net.Win2012.x86_64.r2.io-github-autotest-qemu.drive_mirror.simple_test.mirroring.block_job_complete.target_to_iscsi" time="811.000000">
<error message="Unexpected value for result in test result for test virt.qemu.repeat1.smp_16.16384m.Host_RHEL.7.2.spice.qcow2.virtio_scsi.up.virtio_net.Win2012.x86_64.r2.io-github-autotest-qemu.drive_mirror.simple_test.mirroring.block_job_complete.target_to_iscsi" type="Logparse">result=FAIL</error>
</testcase>
<testcase classname="autotest.virt" name="qemu.repeat1.smp_16.16384m.Host_RHEL.7.2.spice.qcow2.virtio_scsi.up.virtio_net.Win2012.x86_64.r2.io-github-autotest-qemu.drive_mirror.simple_test.mirroring.continuous_backup" time="902.000000">
<error message="Unexpected value for result in test result for test virt.qemu.repeat1.smp_16.16384m.Host_RHEL.7.2.spice.qcow2.virtio_scsi.up.virtio_net.Win2012.x86_64.r2.io-github-autotest-qemu.drive_mirror.simple_test.mirroring.continuous_backup" type="Logparse">result=FAIL</error>
</testcase>
<testcase classname="autotest.virt" name="qemu.repeat1.smp_16.16384m.Host_RHEL.7.2.spice.qcow2.virtio_scsi.up.virtio_net.Win2012.x86_64.r2.io-github-autotest-qemu.drive_mirror.simple_test.negative_test.readonly_target" time="250.000000"/>
<testcase classname="autotest.virt" name="qemu.repeat1.smp_16.16384m.Host_RHEL.7.2.spice.qcow2.virtio_scsi.up.virtio_net.Win2012.x86_64.r2.io-github-autotest-qemu.live_snapshot.with_reboot" time="240.000000"/>
<testcase classname="autotest.virt" name="qemu.repeat1.smp_16.16384m.Host_RHEL.7.2.spice.qcow2.virtio_scsi.up.virtio_net.Win2012.x86_64.r2.io-github-autotest-qemu.live_snapshot.with_runtime" time="164.000000"/>
<testcase classname="autotest.virt" name="qemu.repeat1.smp_16.16384m.Host_RHEL.7.2.spice.qcow2.virtio_scsi.up.virtio_net.Win2012.x86_64.r2.io-github-autotest-qemu.live_snapshot.with_file_transfer" time="273.000000"/>
<testcase classname="autotest.virt" name="qemu.repeat1.smp_16.16384m.Host_RHEL.7.2.spice.qcow2.virtio_scsi.up.virtio_net.Win2012.x86_64.r2.io-github-autotest-qemu.live_snapshot.base" time="332.000000"/>
<testcase classname="autotest.virt" name="qemu.repeat1.smp_16.16384m.Host_RHEL.7.2.spice.qcow2.virtio_scsi.up.virtio_net.Win2012.x86_64.r2.io-github-autotest-qemu.block_stream.simple_test.start_stream" time="1027.000000"/>
<testcase classname="autotest.virt" name="qemu.repeat1.smp_16.16384m.Host_RHEL.7.2.spice.qcow2.virtio_scsi.up.virtio_net.Win2012.x86_64.r2.io-github-autotest-qemu.block_stream.simple_test.set_speed" time="1262.000000"/>
<testcase classname="autotest.virt" name="qemu.repeat1.smp_16.16384m.Host_RHEL.7.2.spice.qcow2.virtio_scsi.up.virtio_net.Win2012.x86_64.r2.io-github-autotest-qemu.block_stream.simple_test.reset_speed" time="1235.000000"/>
<testcase classname="autotest.virt" name="qemu.repeat1.smp_16.16384m.Host_RHEL.7.2.spice.qcow2.virtio_scsi.up.virtio_net.Win2012.x86_64.r2.io-github-autotest-qemu.block_stream.simple_test.cancel_sync" time="40.000000"/>
<testcase classname="autotest.virt" name="qemu.repeat1.smp_16.16384m.Host_RHEL.7.2.spice.qcow2.virtio_scsi.up.virtio_net.Win2012.x86_64.r2.io-github-autotest-qemu.block_stream.simple_test.cancel_async" time="89.000000"/>
<testcase classname="autotest.virt" name="qemu.repeat1.smp_16.16384m.Host_RHEL.7.2.spice.qcow2.virtio_scsi.up.virtio_net.Win2012.x86_64.r2.io-github-autotest-qemu.block_stream.simple_test.query" time="94.000000"/>
<testcase classname="autotest.virt" name="qemu.repeat1.smp_16.16384m.Host_RHEL.7.2.spice.qcow2.virtio_scsi.up.virtio_net.Win2012.x86_64.r2.io-github-autotest-qemu.live_snapshot_chain.pause" time="133.000000"/>
<testcase classname="autotest.virt" name="qemu.repeat1.smp_16.16384m.Host_RHEL.7.2.spice.qcow2.virtio_scsi.up.virtio_net.RHEL.7.2.x86_64.io-github-autotest-qemu.autotest.compliebench" time="663.000000"/>
<testcase classname="autotest.virt" name="qemu.repeat1.smp_16.16384m.Host_RHEL.7.2.spice.qcow2.virtio_scsi.up.virtio_net.RHEL.7.2.x86_64.io-github-autotest-qemu.qemu_disk_img.convert.base_to_qcow2" time="519.000000"/>
<testcase classname="autotest.virt" name="qemu.repeat1.smp_16.16384m.Host_RHEL.7.2.spice.qcow2.virtio_scsi.up.virtio_net.RHEL.7.2.x86_64.io-github-autotest-qemu.qemu_disk_img.commit" time="144.000000"/>
<testcase classname="autotest.virt" name="qemu.repeat1.smp_16.16384m.Host_RHEL.7.2.spice.qcow2.virtio_scsi.up.virtio_net.RHEL.7.2.x86_64.io-github-autotest-qemu.qemu_disk_img.rebase.snB.to_base" time="387.000000"/>
<testcase classname="autotest.virt" name="qemu.repeat1.smp_16.16384m.Host_RHEL.7.2.spice.qcow2.virtio_scsi.up.virtio_net.RHEL.7.2.x86_64.io-github-autotest-qemu.qemu_io.file_based" time="70.000000"/>
<testcase classname="autotest.virt" name="qemu.repeat1.smp_16.16384m.Host_RHEL.7.2.spice.qcow2.virtio_scsi.up.virtio_net.Win2012.x86_64.r2.io-github-autotest-qemu.qemu_disk_img.convert.base_to_qcow2" time="452.000000"/>
<testcase classname="autotest.virt" name="qemu.repeat1.smp_16.16384m.Host_RHEL.7.2.spice.qcow2.virtio_scsi.up.virtio_net.Win2012.x86_64.r2.io-github-autotest-qemu.qemu_disk_img.commit" time="178.000000"/>
<testcase classname="autotest.virt" name="qemu.repeat1.smp_16.16384m.Host_RHEL.7.2.spice.qcow2.virtio_scsi.up.virtio_net.Win2012.x86_64.r2.io-github-autotest-qemu.qemu_disk_img.rebase.snB.to_base" time="409.000000"/>
<testcase classname="autotest.virt" name="qemu.repeat1.smp_16.16384m.Host_RHEL.7.2.spice.qcow2.virtio_scsi.up.virtio_net.RHEL.7.2.x86_64.io-github-autotest-qemu.check_coredump" time="66.000000">
<error message="Unexpected value for result in test result for test virt.qemu.repeat1.smp_16.16384m.Host_RHEL.7.2.spice.qcow2.virtio_scsi.up.virtio_net.RHEL.7.2.x86_64.io-github-autotest-qemu.check_coredump" type="Logparse">result=FAIL</error>
</testcase>
<testcase classname="autotest.virt" name="qemu.repeat1.smp_16.16384m.Host_RHEL.7.2.spice.qcow2.virtio_scsi.up.virtio_net.RHEL.7.2.x86_64.io-github-autotest-qemu.qemu_img_check" time="58.000000"/>
<testcase classname="autotest.virt" name="qemu.repeat1.smp_16.16384m.Host_RHEL.7.2.spice.qcow2.virtio_scsi.up.virtio_net.Win2012.x86_64.r2.io-github-autotest-qemu.check_coredump" time="137.000000">
<error message="Unexpected value for result in test result for test virt.qemu.repeat1.smp_16.16384m.Host_RHEL.7.2.spice.qcow2.virtio_scsi.up.virtio_net.Win2012.x86_64.r2.io-github-autotest-qemu.check_coredump" type="Logparse">result=FAIL</error>
</testcase>
<testcase classname="autotest.virt" name="qemu.repeat1.smp_16.16384m.Host_RHEL.7.2.spice.qcow2.virtio_scsi.up.virtio_net.Win2012.x86_64.r2.io-github-autotest-qemu.windows_info" time="106.000000"/>
<testcase classname="autotest.virt" name="qemu.repeat1.smp_16.16384m.Host_RHEL.7.2.spice.qcow2.virtio_scsi.up.virtio_net.Win2012.x86_64.r2.io-github-autotest-qemu.qemu_img_check" time="12.000000"/>
<testcase classname="autotest.virt" name="qemu.repeat1.smp_16.16384m.Host_RHEL.7.2.spice.qcow2.virtio_blk.up.virtio_net.RHEL.6.6.x86_64.io-github-autotest-qemu.rh_kernel_update" time="224.000000">
<error message="Unexpected value for result in test result for test virt.qemu.repeat1.smp_16.16384m.Host_RHEL.7.2.spice.qcow2.virtio_blk.up.virtio_net.RHEL.6.6.x86_64.io-github-autotest-qemu.rh_kernel_update" type="Logparse">result=FAIL</error>
</testcase>
<testcase classname="autotest.virt" name="qemu.repeat1.smp_16.16384m.Host_RHEL.7.2.spice.qcow2.virtio_blk.up.virtio_net.Win7.x86_64.sp1.io-github-autotest-qemu.win_virtio_update.install_driver" time="741.000000"/>
<testcase classname="autotest.virt" name="qemu.repeat1.smp_16.16384m.Host_RHEL.7.2.spice.qcow2.virtio_blk.up.virtio_net.Win7.x86_64.sp1.io-github-autotest-qemu.disable_win_update" time="96.000000"/>
<testcase classname="autotest.virt" name="qemu.repeat1.smp_16.16384m.Host_RHEL.7.2.spice.qcow2.virtio_blk.up.virtio_net.RHEL.6.6.x86_64.io-github-autotest-qemu.system_reset_bootable" time="384.000000"/>
<testcase classname="autotest.virt" name="qemu.repeat1.smp_16.16384m.Host_RHEL.7.2.spice.qcow2.virtio_blk.up.virtio_net.RHEL.6.6.x86_64.io-github-autotest-qemu.system_powerdown" time="44.000000"/>
<testcase classname="autotest.virt" name="qemu.repeat1.smp_16.16384m.Host_RHEL.7.2.spice.qcow2.virtio_blk.up.virtio_net.RHEL.6.6.x86_64.io-github-autotest-qemu.system_reset_during_boot" time="877.000000"/>
<testcase classname="autotest.virt" name="qemu.repeat1.smp_16.16384m.Host_RHEL.7.2.spice.qcow2.virtio_blk.up.virtio_net.RHEL.6.6.x86_64.io-github-autotest-qemu.module_probe" time="83.000000">
<failure message="Test virt.qemu.repeat1.smp_16.16384m.Host_RHEL.7.2.spice.qcow2.virtio_blk.up.virtio_net.RHEL.6.6.x86_64.io-github-autotest-qemu.module_probe is Not Applicable: Module kvm_amd is still in use. Can not unload it." type="Failure">
<![CDATA[
08/14 06:21:28 DEBUG| utils:0114| Running 'git describe --abbrev=4' 08/14 06:21:28 DEBUG| utils:0114| Running 'git rev-parse --abbrev-ref HEAD' 08/14 06:21:28 DEBUG| utils:0114| Running 'git show --summary --pretty='%H' | head -1' 08/14 06:21:28 INFO | virt:0057| Virt Test 'unknown
]]>
<![CDATA[
', Branch 'master', SHA1 'dab1b48894b4bc13d8899061fa23a9c08379e85b' 08/14 06:21:28 DEBUG| virt:0059| Test parameters: 08/14 06:21:28 DEBUG| virt:0063| _name_map_file = {'tests-example.cfg': 'repeat1.smp_16.16384m.virtio_block_test.basic', 'subtests.cfg': '(subtest=io-github-autotest-qe
]]>
<![CDATA[
mu).(subtest=module_probe)', 'guest-hw.cfg': 'no_virtio_rng.(image_backend=filesystem).no_9p_export.smallpages.no_pci_assignable.qcow2.virtio_blk.up.virtio_net', 'guest-os.cfg': 'Linux.RHEL.6.6.x86_64', 'machines.cfg': 'i440fx', 'guest-hw-internal.cfg': 'spice.local_stg', 'host-kernel.cfg': 'Host_RH
]]>
<![CDATA[
EL.7.2'} 08/14 06:21:28 DEBUG| virt:0063| _short_name_map_file = {'tests-example.cfg': 'repeat1.smp_16.16384m.virtio_block_test.basic', 'subtests.cfg': 'io-github-autotest-qemu.module_probe', 'guest-hw.cfg': 'no_virtio_rng.filesystem.no_9p_export.smallpages.no_pci_assignable.qcow2.virtio_bl
]]>
<![CDATA[
k.up.virtio_net', 'guest-os.cfg': 'Linux.RHEL.6.6.x86_64', 'machines.cfg': 'i440fx', 'guest-hw-internal.cfg': 'spice.local_stg', 'host-kernel.cfg': 'Host_RHEL.7.2'} 08/14 06:21:28 DEBUG| virt:0063| address_range_base_mac_r1 = 00:11:22:33:AB:08 08/14 06:21:28 DEBUG| virt:0063| addre
]]>
<![CDATA[
ss_ranges = r1 08/14 06:21:28 DEBUG| virt:0063| always_use_tcpdump = yes 08/14 06:21:28 DEBUG| virt:0063| auto_cpu_model = yes 08/14 06:21:28 DEBUG| virt:0063| backup_dir = images/ 08/14 06:21:28 DEBUG| virt:0063| backup_image = no 08/14 06:21:28 DEBUG| virt:
]]>
<![CDATA[
0063| backup_image_on_check_error = no 08/14 06:21:28 DEBUG| virt:0063| boot_menu = off 08/14 06:21:28 DEBUG| virt:0063| boot_once = c 08/14 06:21:28 DEBUG| virt:0063| boot_order = cdn 08/14 06:21:28 DEBUG| virt:0063| brew_tag = RHEL-6.6-Z-candidate 08/14 06:2
]]>
<![CDATA[
1:28 DEBUG| virt:0063| catch_monitor = catch_monitor 08/14 06:21:28 DEBUG| virt:0063| cd_format = ide 08/14 06:21:28 DEBUG| virt:0063| cdrom_check_cdrom_pattern = /dev/cdrom-\w+|/dev/cdrom\d* 08/14 06:21:28 DEBUG| virt:0063| cdrom_get_cdrom_cmd = ls /dev/cdrom* 08
]]>
<![CDATA[
/14 06:21:28 DEBUG| virt:0063| cdrom_info_cmd = cat /proc/sys/dev/cdrom/info 08/14 06:21:28 DEBUG| virt:0063| cdrom_test_cmd = dd if=%s of=/dev/null bs=1 count=1 08/14 06:21:28 DEBUG| virt:0063| cdrom_virtio = isos/windows/virtio-win.iso.el7 08/14 06:21:28 DEBUG| virt
]]>
<![CDATA[
:0063| cdroms = cd1 08/14 06:21:28 DEBUG| virt:0063| check_image = yes 08/14 06:21:28 DEBUG| virt:0063| check_img = no 08/14 06:21:28 DEBUG| virt:0063| convert_ppm_files_to_png = yes 08/14 06:21:28 DEBUG| virt:0063| cpu_chk_cmd = ls /sys/devices/system/cpu | e
]]>
<![CDATA[
grep -c "cpu[0-9]+$" 08/14 06:21:28 DEBUG| virt:0063| cpu_model = qemu64 08/14 06:21:28 DEBUG| virt:0063| cpu_model_flags = ,+kvm_pv_unhalt 08/14 06:21:28 DEBUG| virt:0063| dd_timeout = 900 08/14 06:21:28 DEBUG| virt:0063| default_cpu_model = qemu64 08/14 06:21:28
]]>
<![CDATA[
DEBUG| virt:0063| dep = [] 08/14 06:21:28 DEBUG| virt:0063| display = spice 08/14 06:21:28 DEBUG| virt:0063| drive_cache = none 08/14 06:21:28 DEBUG| virt:0063| drive_format = virtio 08/14 06:21:28 DEBUG| virt:0063| drive_index_cd1 = 1 08/14 06:21:28 DEB
]]>
<![CDATA[
UG| virt:0063| drive_index_image1 = 0 08/14 06:21:28 DEBUG| virt:0063| drive_rerror_image1 = 08/14 06:21:28 DEBUG| virt:0063| drive_werror_image1 = 08/14 06:21:28 DEBUG| virt:0063| dst_dir = /mnt/linux 08/14 06:21:28 DEBUG| virt:0063| enable_msix_vector
]]>
<![CDATA[
s = yes 08/14 06:21:28 DEBUG| virt:0063| enable_vhostfd = yes 08/14 06:21:28 DEBUG| virt:0063| encode_video_files = yes 08/14 06:21:28 DEBUG| virt:0063| file_transfer_client = scp 08/14 06:21:28 DEBUG| virt:0063| file_transfer_port = 22 08/14 06:21:28 DEBUG|
]]>
<![CDATA[
virt:0063| free_mem_after_test = no 08/14 06:21:28 DEBUG| virt:0063| free_mem_before_test = no 08/14 06:21:28 DEBUG| virt:0063| get_time_cmd = date +'TIME: %a %m/%d/%Y %H:%M:%S.%N' 08/14 06:21:28 DEBUG| virt:0063| grub_file = /boot/grub/grub.conf 08/14 06:21:28 DEBUG|
]]>
<![CDATA[
virt:0063| guest_name = rhel66-64 08/14 06:21:28 DEBUG| virt:0063| guest_port_remote_shell = 22 08/14 06:21:28 DEBUG| virt:0063| host_kernel_ver_str = Host_RHEL.7.2 08/14 06:21:28 DEBUG| virt:0063| host_password = kvmautotest 08/14 06:21:28 DEBUG| virt:0063|
]]>
<![CDATA[
host_pwd = kvmautotest 08/14 06:21:28 DEBUG| virt:0063| host_setup_flag = 0 08/14 06:21:28 DEBUG| virt:0063| hostpasswd = kvmautotest 08/14 06:21:28 DEBUG| virt:0063| hostpassword = kvmautotest 08/14 06:21:28 DEBUG| virt:0063| image_aio = native 08/14 06:21:28
]]>
<![CDATA[
DEBUG| virt:0063| image_backend = filesystem 08/14 06:21:28 DEBUG| virt:0063| image_boot = yes 08/14 06:21:28 DEBUG| virt:0063| image_chain = 08/14 06:21:28 DEBUG| virt:0063| image_clone_command = cp --reflink=auto %s %s 08/14 06:21:28 DEBUG| virt:0063|
]]>
<![CDATA[
image_format = qcow2 08/14 06:21:28 DEBUG| virt:0063| image_name = images/rhel66-64-virtio 08/14 06:21:28 DEBUG| virt:0063| image_raw_device = no 08/14 06:21:28 DEBUG| virt:0063| image_remove_command = rm -rf %s 08/14 06:21:28 DEBUG| virt:0063| image_size = 20G 0
]]>
<![CDATA[
8/14 06:21:28 DEBUG| virt:0063| image_snapshot = no 08/14 06:21:28 DEBUG| virt:0063| image_unbootable_pattern = Hard Disk.*not a bootable disk 08/14 06:21:28 DEBUG| virt:0063| image_verify_bootable = yes 08/14 06:21:28 DEBUG| virt:0063| images = image1 08/14 06:21
]]>
<![CDATA[
:28 DEBUG| virt:0063| images_good = 10.66.90.128:/vol/S2/kvmauto/linux_img 08/14 06:21:28 DEBUG| virt:0063| important_key = guest_name,platform,smp,mem,drive_format,nic_model,type,ksm,image_format,kvm_version,kvm_userspace_version,tag,medium,installation 08/14 06:21:28 DEBUG|
]]>
<![CDATA[
virt:0063| inactivity_treshold = 1800 08/14 06:21:28 DEBUG| virt:0063| inactivity_watcher = logimage_remove_commnad = 'rm -rf %s' 08/14 06:21:28 DEBUG| virt:0063| index_enable = yes 08/14 06:21:28 DEBUG| virt:0063| indirect_image_blacklist = /dev/hda[\d]* /dev/sda[\d]* /dev/sg0 /dev/md0 08/14 06:21:28 DEBUG| virt:0063| init_pci_addr = 4 08/14 06:21:28 DEBUG| virt:0063| install_virtio = no 08/14 06:21:28 DEBUG| virt:0063| job_timeout = 0 08/14 06:21:28 DEBUG| virt:0063| keep_ppm_files = no 08/14 06:21:28 DEBUG| virt:0063| keep_ppm_files_on_error = no 08/14 06:21:28 DEBUG| virt:0063| keep_screendumps = yes 08/14 06:21:28 DEBUG| virt:0063| keep_screendumps_on_error = yes 08/14 06:21:28 DEBUG| virt:0063| keep_video_files = yes 08/14 06:21:28 DEBUG| virt:0063| keep_video_files_on_error = yes 08/14 06:21:28 DEBUG| virt:0063| kill_timeout = 60 08/14 06:21:28 DEBUG| virt:0063| kill_unresponsive_vms = yes 08/14 06:21:28 DEBUG| virt:0063| kill_vm = no 08/14 06:21:28 DEBUG| virt:0063| kill_vm_before_test = no 08/14 06:21:28 DEBUG| virt:0063| kill_vm_gracefully = yes 08/14 06:21:28 DEBUG| virt:0063| kill_vm_in_paused = yes 08/14 06:21:28 DEBUG| virt:0063| kill_vm_on_error = yes 08/14 06:21:28 DEBUG| virt:0063| kill_vm_only_when_paused = yes 08/14 06:21:28 DEBUG| virt:0063| kill_vm_timeout = 60 08/14 06:21:28 DEBUG| virt:0063| ksm = 0 08/14 06:21:28 DEBUG| virt:0063| kvm_default = {'/sys/module/kvm/parameters/ignore_msrs': 'N', '/sys/module/kvm/parameters/mmu_audit': 'N', '/sys/module/kvm/parameters/halt_poll_ns': '0', '/sys/module/kvm/parameters/tsc_tolerance_ppm': '250', '/sys/module/kvm/parameters/lapic_timer_advance_ns': '0', '/sys/module/kvm/parameters/min_timer_period_us': '500', '/sys/module/kvm/parameters/kvmclock_periodic_sync': 'Y'} 08/14 06:21:28 DEBUG| virt:0063| kvm_userspace_ver_cmd = grep -q el5 /proc/version && rpm -qa | grep ^kvm-83-.* || rpm -qa | grep qemu-kvm[-rhev]*-[0-9].*-.* | head -n 1 08/14 06:21:28 DEBUG| virt:0063| kvm_ver_cmd = grep -q el5 /proc/version && cat /sys/module/kvm/version || uname -r 08/14 06:21:28 DEBUG| virt:0063| load_count = 100 08/14 06:21:28 DEBUG| virt:0063| local_ip = ENTER.YOUR.LOCAL.EXAMPLE.COM 08/14 06:21:28 DEBUG| virt:0063| local_pwd = 08/14 06:21:28 DEBUG| virt:0063| log_mb_size = 5 08/14 06:21:28 DEBUG| virt:0063| login_timeout = 360 08/14 06:21:28 DEBUG| virt:0063| mac_ip_filter = HWaddr (.\w+:\w+:\w+:\w+:\w+:\w+)\s+?inet addr:(.\d+\.\d+\.\d+\.\d+) 08/14 06:21:28 DEBUG| virt:0063| machine_type = pc 08/14 06:21:28 DEBUG| virt:0063| main_vm = virt-tests-vm1 08/14 06:21:28 DEBUG| virt:0063| malloc_perturb = no 08/14 06:21:28 DEBUG| virt:0063| mem = 16384 08/14 06:21:28 DEBUG| virt:0063| mem_chk_cmd = dmidecode -t 17 | awk -F: '/Size/ {print $2}' 08/14 06:21:28 DEBUG| virt:0063| mem_chk_cur_cmd = grep MemTotal /proc/meminfo 08/14 06:21:28 DEBUG| virt:0063| mem_chk_re_str = [^\$]([0-9]+) 08/14 06:21:28 DEBUG| virt:0063| memballoon_model = virtio 08/14 06:21:28 DEBUG| virt:0063| migrate_dest_host = ENTER.YOUR.DEST.EXAMPLE.COM 08/14 06:21:28 DEBUG| virt:0063| migrate_dest_pwd = PASSWORD.DEST.EXAMPLE 08/14 06:21:28 DEBUG| virt:0063| migrate_load_vms = 08/14 06:21:28 DEBUG| virt:0063| migrate_main_vm = virt-tests-vm1 08/14 06:21:28 DEBUG| virt:0063| migrate_port = 49152 08/14 06:21:28 DEBUG| virt:0063| migrate_proto = tcp 08/14 06:21:28 DEBUG| virt:0063| migrate_shared_storage = SHARED_IMAGE.EXAMPLE 08/14 06:21:28 DEBUG| virt:0063| migrate_source_host = ENTER.YOUR.SOURCE.EXAMPLE.COM 08/14 06:21:28 DEBUG| virt:0063| migrate_source_pwd = PASSWORD.SOURCE.EXAMPLE 08/14 06:21:28 DEBUG| virt:0063| migrate_vms = virt-tests-vm1 08/14 06:21:28 DEBUG| virt:0063| migration_test_command = uname -r 08/14 06:21:28 DEBUG| virt:0063| monitor_type = qmp 08/14 06:21:28 DEBUG| virt:0063| monitors = qmpmonitor1 08/14 06:21:28 DEBUG| virt:0063| name = repeat1.smp_16.16384m.virtio_block_test.basic.Host_RHEL.7.2.i440fx.spice.local_stg.no_virtio_rng.(image_backend=filesystem).no_9p_export.smallpages.no_pci_assignable.qcow2.virtio_blk.up.virtio_net.Linux.RHEL.6.6.x86_64.(subtest=io-github-autotest-qemu).(subtest=module_probe) 08/14 06:21:28 DEBUG| virt:0063| netdev_extra_params = 08/14 06:21:28 DEBUG| virt:0063| netdev_peer_re = \s{2,}(.*?):.*?peer=(.*?)\n 08/14 06:21:28 DEBUG| virt:0063| netdst = switch 08/14 06:21:28 DEBUG| virt:0063| nettype = bridge 08/14 06:21:28 DEBUG| virt:0063| network_query = ifconfig 08/14 06:21:28 DEBUG| virt:0063| nfs_iso = 10.66.90.128:/vol/S2/kvmauto/iso 08/14 06:21:28 DEBUG| virt:0063| nic_mode = tap 08/14 06:21:28 DEBUG| virt:0063| nic_model = virtio 08/14 06:21:28 DEBUG| virt:0063| nics = nic1 08/14 06:21:28 DEBUG| virt:0063| os_type = linux 08/14 06:21:28 DEBUG| virt:0063| os_variant = rhel6 08/14 06:21:28 DEBUG| virt:0063| package_check_cmd_kernel = uname -r 08/14 06:21:28 DEBUG| virt:0063| package_version_pattern_kernel = [\.\-\_\w\d]+ 08/14 06:21:28 DEBUG| virt:0063| password = kvmautotest 08/14 06:21:28 DEBUG| virt:0063| paused_after_start_vm = no 08/14 06:21:28 DEBUG| virt:0063| pci_assignable = no 08/14 06:21:28 DEBUG| virt:0063| platform = 64 08/14 06:21:28 DEBUG| virt:0063| post_command_noncritical = yes 08/14 06:21:28 DEBUG| virt:0063| post_command_timeout = 600 08/14 06:21:28 DEBUG| virt:0063| pre_check_cmd = grep 'Red Hat Enterprise Linux' /etc/redhat-release 08/14 06:21:28 DEBUG| virt:0063| profilers = 08/14 06:21:28 DEBUG| virt:0063| provider = io-github-autotest-qemu 08/14 06:21:28 DEBUG| virt:0063| qemu_binary = qemu 08/14 06:21:28 DEBUG| virt:0063| qemu_img_binary = qemu-img 08/14 06:21:28 DEBUG| virt:0063| qemu_io_binary = qemu-io 08/14 06:21:28 DEBUG| virt:0063| qemu_sandbox = off 08/14 06:21:28 DEBUG| virt:0063| qxl = on 08/14 06:21:28 DEBUG| virt:0063| qxl_dev_memory = 33554432 08/14 06:21:28 DEBUG| virt:0063| qxl_dev_nr = 1 08/14 06:21:28 DEBUG| virt:0063| reboot_command = shutdown -r now 08/14 06:21:28 DEBUG| virt:0063| redirs = 08/14 06:21:28 DEBUG| virt:0063| remote_ip = ENTER.YOUR.REMOTE.EXAMPLE.COM 08/14 06:21:28 DEBUG| virt:0063| remote_pwd = 08/14 06:21:28 DEBUG| virt:0063| remote_user = root 08/14 06:21:28 DEBUG| virt:0063| remove_image = no 08/14 06:21:28 DEBUG| virt:0063| requires_kernel = [">= 3.10.0-230"] 08/14 06:21:28 DEBUG| virt:0063| requires_root = yes 08/14 06:21:28 DEBUG| virt:0063| restore_image = no 08/14 06:21:28 DEBUG| virt:0063| restore_image_on_check_error = no 08/14 06:21:28 DEBUG| virt:0063| rtc_drift = slew 08/14 06:21:28 DEBUG| virt:0063| run_tcpdump = yes 08/14 06:21:28 DEBUG| virt:0063| screendump_delay = 5 08/14 06:21:28 DEBUG| virt:0063| screendump_quality = 30 08/14 06:21:28 DEBUG| virt:0063| screendump_temp_dir = /dev/shm 08/14 06:21:28 DEBUG| virt:0063| screendump_verbose = no 08/14 06:21:28 DEBUG| virt:0063| serials = serial0 08/14 06:21:28 DEBUG| virt:0063| shell_client = ssh 08/14 06:21:28 DEBUG| virt:0063| shell_port = 22 08/14 06:21:28 DEBUG| virt:0063| shell_prompt = ^\[.*\][\#\$]\s*$ 08/14 06:21:28 DEBUG| virt:0063| shortname = repeat1.smp_16.16384m.Host_RHEL.7.2.spice.qcow2.virtio_blk.up.virtio_net.RHEL.6.6.x86_64.io-github-autotest-qemu.module_probe 08/14 06:21:28 DEBUG| virt:0063| shutdown_command = shutdown -h now 08/14 06:21:28 DEBUG| virt:0063| skip_cluster_leak_warn = no 08/14 06:21:28 DEBUG| virt:0063| skip_image_check_during_running = no 08/14 06:21:28 DEBUG| virt:0063| skip_image_processing = no 08/14 06:21:28 DEBUG| virt:0063| smp = 16 08/14 06:21:28 DEBUG| virt:0063| snapshot_name = vm 08/14 06:21:28 DEBUG| virt:0063| soundcards = hda-duplex 08/14 06:21:28 DEBUG| virt:0063| spice = disable-ticketing 08/14 06:21:28 DEBUG| virt:0063| spice_addr = 0 08/14 06:21:28 DEBUG| virt:0063| spice_agent_mouse = on 08/14 06:21:28 DEBUG| virt:0063| spice_gen_x509 = yes 08/14 06:21:28 DEBUG| virt:0063| spice_image_compression = auto_glz 08/14 06:21:28 DEBUG| virt:0063| spice_ipv4 = yes 08/14 06:21:28 DEBUG| virt:0063| spice_ipv6 = no 08/14 06:21:28 DEBUG| virt:0063| spice_password = 123456 08/14 06:21:28 DEBUG| virt:0063| spice_playback_compression = on 08/14 06:21:28 DEBUG| virt:0063| spice_port = generate 08/14 06:21:28 DEBUG| virt:0063| spice_secure_channels = main, inputs 08/14 06:21:28 DEBUG| virt:0063| spice_ssl = yes 08/14 06:21:28 DEBUG| virt:0063| spice_streaming_video = all 08/14 06:21:28 DEBUG| virt:0063| spice_tls_ciphers = DEFAULT 08/14 06:21:28 DEBUG| virt:0063| spice_tls_port = generate 08/14 06:21:28 DEBUG| virt:0063| spice_x509_cacert_file = ca-cert.pem 08/14 06:21:28 DEBUG| virt:0063| spice_x509_cacert_subj = /C=CZ/L=BRNO/O=SPICE/CN=my CA 08/14 06:21:28 DEBUG| virt:0063| spice_x509_cert_file = server-cert.pem 08/14 06:21:28 DEBUG| virt:0063| spice_x509_dir = yes 08/14 06:21:28 DEBUG| virt:0063| spice_x509_key_file = server-key.pem 08/14 06:21:28 DEBUG| virt:0063| spice_x509_key_password = testPassPhrase 08/14 06:21:28 DEBUG| virt:0063| spice_x509_prefix = /tmp/spice_x509d 08/14 06:21:28 DEBUG| virt:0063| spice_x509_secure = no 08/14 06:21:28 DEBUG| virt:0063| spice_x509_server_subj = /C=CZ/L=BRNO/O=SPICE/CN=my Server 08/14 06:21:28 DEBUG| virt:0063| spice_zlib_glz_wan_compression = auto 08/14 06:21:28 DEBUG| virt:0063| start_vm = yes 08/14 06:21:28 DEBUG| virt:0063| status_test_command = echo $? 08/14 06:21:28 DEBUG| virt:0063| store_vm_register = yes 08/14 06:21:28 DEBUG| virt:0063| strict_mode = no 08/14 06:21:28 DEBUG| virt:0063| subtest = io-github-autotest-qemu.module_probe 08/14 06:21:28 DEBUG| virt:0063| sysfs_dir = /sys 08/14 06:21:28 DEBUG| virt:0063| take_regular_screendumps = no 08/14 06:21:28 DEBUG| virt:0063| test_timeout = 14400 08/14 06:21:28 DEBUG| virt:0063| top_ps_num = 15 08/14 06:21:28 DEBUG| virt:0063| try_serial_login = yes 08/14 06:21:28 DEBUG| virt:0063| type = module_probe 08/14 06:21:28 DEBUG| virt:0063| url_auto_ip = 192.168.122.1 08/14 06:21:28 DEBUG| virt:0063| usb_controller_tablet1 = xhci 08/14 06:21:28 DEBUG| virt:0063| usb_devices = tablet1 08/14 06:21:28 DEBUG| virt:0063| usb_max_port = 4 08/14 06:21:28 DEBUG| virt:0063| usb_type = nec-usb-xhci 08/14 06:21:28 DEBUG| virt:0063| usb_type_tablet1 = usb-tablet 08/14 06:21:28 DEBUG| virt:0063| usb_type_usb1 = nec-usb-xhci 08/14 06:21:28 DEBUG| virt:0063| usbs = usb1 08/14 06:21:28 DEBUG| virt:0063| use_autostart = no 08/14 06:21:28 DEBUG| virt:0063| use_check_cpu = yes 08/14 06:21:28 DEBUG| virt:0063| use_debug = yes 08/14 06:21:28 DEBUG| virt:0063| use_nic_scritps = no 08/14 06:21:28 DEBUG| virt:0063| use_no_reboot = no 08/14 06:21:28 DEBUG| virt:0063| use_os_type = yes 08/14 06:21:28 DEBUG| virt:0063| use_os_variant = no 08/14 06:21:28 DEBUG| virt:0063| use_storage = local_stg 08/14 06:21:28 DEBUG| virt:0063| use_virt_install_wait = no 08/14 06:21:28 DEBUG| virt:0063| used_cpus = 08/14 06:21:28 DEBUG| virt:0063| used_mem = 08/14 06:21:28 DEBUG| virt:0063| username = root 08/14 06:21:28 DEBUG| virt:0063| vcpu_cores = 0 08/14 06:21:28 DEBUG| virt:0063| vcpu_sockets = 2 08/14 06:21:28 DEBUG| virt:0063| vcpu_thread_pattern = u'thread_id':\s+(\d+) 08/14 06:21:28 DEBUG| virt:0063| vcpu_threads = 1 08/14 06:21:28 DEBUG| virt:0063| verify_host_dmesg = yes 08/14 06:21:28 DEBUG| virt:0063| vfd_size = 1440k 08/14 06:21:28 DEBUG| virt:0063| vga = qxl 08/14 06:21:28 DEBUG| virt:0063| vhost = vhost=on 08/14 06:21:28 DEBUG| virt:0063| virt_install_wait_time = 300 08/14 06:21:28 DEBUG| virt:0063| virt_test_type = qemu 08/14 06:21:28 DEBUG| virt:0063| virtio-blk-pci_scsi = 08/14 06:21:28 DEBUG| virt:0063| virtio_floppy = isos/windows/virtio-win_amd64.vfd.el7 08/14 06:21:28 DEBUG| virt:0063| virtio_port_type = serialport 08/14 06:21:28 DEBUG| virt:0063| virtio_ports = vs 08/14 06:21:28 DEBUG| virt:0063| vm_arch_name = x86_64 08/14 06:21:28 DEBUG| virt:0063| vm_register_delay = 5 08/14 06:21:28 DEBUG| virt:0063| vm_type = qemu 08/14 06:21:28 DEBUG| virt:0063| vms = 08/14 06:21:28 DEBUG| virt:0063| vnc_autoport = yes 08/14 06:21:28 DEBUG| virt:0063| workaround_qemu_qmp_crash = always 08/14 06:21:28 DEBUG|qemu_monit:0282| (monitor qmpmonitor1) Sending command 'qmp_capabilities' 08/14 06:21:28 DEBUG|qemu_monit:1411| Send command: {'execute': 'qmp_capabilities', 'id': 'BZKflStF'} 08/14 06:21:28 DEBUG|qemu_monit:0282| (monitor qmpmonitor1) Sending command 'help' (via Human Monitor) 08/14 06:21:28 DEBUG|qemu_monit:0282| (monitor catch_monitor) Sending command 'qmp_capabilities' 08/14 06:21:28 DEBUG|qemu_monit:1411| Send command: {'execute': 'qmp_capabilities', 'id': '45vGcNpK'} 08/14 06:21:28 DEBUG|qemu_monit:0282| (monitor catch_monitor) Sending command 'help' (via Human Monitor) 08/14 06:21:28 DEBUG| virt:0116| Searching for test modules that match 'type = module_probe' and 'provider = io-github-autotest-qemu' on this cartesian dict 08/14 06:21:29 DEBUG| utils:0114| Running 'grep -q el5 /proc/version && cat /sys/module/kvm/version || uname -r' 08/14 06:21:29 DEBUG|env_proces:0633| KVM version: 3.10.0-304.el7.x86_64 08/14 06:21:29 DEBUG| utils:0114| Running 'grep -q el5 /proc/version && rpm -qa | grep ^kvm-83-.* || rpm -qa | grep qemu-kvm[-rhev]*-[0-9].*-.* | head -n 1' 08/14 06:21:30 DEBUG|env_proces:0654| KVM userspace version: qemu-kvm-rhev-2.3.0-17.el7.x86_64 08/14 06:21:30 DEBUG| utils:0114| Running 'true' 08/14 06:21:30 DEBUG| utils:0114| Running 'ps -o comm 1' 08/14 06:21:30 DEBUG|qemu_monit:0282| (monitor qmpmonitor1) Sending command 'stop' 08/14 06:21:30 DEBUG|qemu_monit:1411| Send command: {'execute': 'stop', 'id': '6iwkq0ch'} 08/14 06:21:30 DEBUG|qemu_monit:0282| (monitor qmpmonitor1) Sending command 'cont' 08/14 06:21:30 DEBUG|qemu_monit:1411| Send command: {'execute': 'cont', 'id': '0bMTdA4W'} 08/14 06:21:30 DEBUG|utils_misc:1909| Could not find params qemu in /home/autotest/client/tests/virt/backends/qemu/qemu, searching the host PATH for one to use 08/14 06:21:30 DEBUG|utils_misc:1912| Found /bin/qemu-kvm 08/14 06:21:30 DEBUG| utils:0114| Running '/bin/qemu-kvm -help' 08/14 06:21:30 DEBUG| utils:0114| Running '/bin/qemu-kvm -device \? 2>&1' 08/14 06:21:30 DEBUG| utils:0114| Running '/bin/qemu-kvm -M ?' 08/14 06:21:30 DEBUG| utils:0114| Running 'echo -e 'help quit' | /bin/qemu-kvm -monitor stdio -vnc none' 08/14 06:21:30 DEBUG| utils:0114| Running 'echo -e '{ "execute": "qmp_capabilities" } { "execute": "query-commands", "id": "RAND91" } { "execute": "quit" }' | (sleep 1; cat )| /bin/qemu-kvm -qmp stdio -vnc none | grep return | grep RAND91' 08/14 06:21:32 DEBUG|utils_misc:1763| Detected CPU vendor as 'AuthenticAMD' 08/14 06:21:32 WARNI| qemu_vm:1574| Set vcpu_threads to 1 for AMD cpu. 08/14 06:21:32 DEBUG| qemu_vm:1882| qemu will run in KVM mode 08/14 06:21:32 DEBUG| virt_vm:0593| VM params in env do match requested, continuing. 08/14 06:21:32 INFO |base_insta:0184| calling set install params 08/14 06:21:32 DEBUG|module_pro:0016| installer object: <virttest.base_installer.NoopInstaller object at 0x5622f90> 08/14 06:21:32 DEBUG| utils:0114| Running '/sbin/lsmod' 08/14 06:21:32 DEBUG|qemu_monit:0282| (monitor catch_monitor) Sending command 'info registers' (via Human Monitor) 08/14 06:21:32 DEBUG| utils:0114| Running '/sbin/lsmod' 08/14 06:21:32 DEBUG| utils:0114| Running '/sbin/lsmod' 08/14 06:21:32 DEBUG| utils:0114| Running '/sbin/lsmod' 08/14 06:21:32 DEBUG| utils:0114| Running '/sbin/lsmod' 08/14 06:21:32 INFO |base_utils:0731| Module kvm-amd is not loaded 08/14 06:21:32 INFO |base_insta:0366| Unloading kernel modules: kvm kvm_amd kvm-amd 08/14 06:21:32 DEBUG| utils:0114| Running '/sbin/lsmod' 08/14 06:21:32 DEBUG| utils:0114| Running '/sbin/lsmod' 08/14 06:21:32 DEBUG| utils:0114| Running '/sbin/lsmod' 08/14 06:21:32 INFO |base_insta:0352| Loading modules from default locations through modprobe 08/14 06:21:32 DEBUG| utils:0114| Running 'modprobe kvm' 08/14 06:21:32 DEBUG| utils:0114| Running 'modprobe kvm_amd' 08/14 06:21:32 DEBUG| utils:0114| Running 'modprobe kvm-amd' 08/14 06:21:32 ERROR| virt:0171| Test failed: TestNAError: Module kvm_amd is still in use. Can not unload it. 08/14 06:21:37 DEBUG|qemu_monit:0282| (monitor catch_monitor) Sending command 'info registers' (via Human Monitor) 08/14 06:21:42 DEBUG|qemu_monit:0282| (monitor catch_monitor) Sending command 'info registers' (via Human Monitor) 08/14 06:21:47 DEBUG|qemu_monit:0282| (monitor catch_monitor) Sending command 'info registers' (via Human Monitor) 08/14 06:21:52 DEBUG|qemu_monit:0282| (monitor catch_monitor) Sending command 'info registers' (via Human Monitor) 08/14 06:21:57 DEBUG|qemu_monit:0282| (monitor catch_monitor) Sending command 'info registers' (via Human Monitor) 08/14 06:22:03 DEBUG|qemu_monit:0282| (monitor catch_monitor) Sending command 'info registers' (via Human Monitor) 08/14 06:22:08 DEBUG|qemu_monit:0282| (monitor catch_monitor) Sending command 'info registers' (via Human Monitor) 08/14 06:22:13 DEBUG|qemu_monit:0282| (monitor catch_monitor) Sending command 'info registers' (via Human Monitor) 08/14 06:22:18 DEBUG|qemu_monit:0282| (monitor catch_monitor) Sending command 'info registers' (via Human Monitor) 08/14 06:22:23 DEBUG|qemu_monit:0282| (monitor catch_monitor) Sending command 'info registers' (via Human Monitor) 08/14 06:22:28 DEBUG|qemu_monit:0282| (monitor catch_monitor) Sending command 'info registers' (via Human Monitor) 08/14 06:22:33 DEBUG| qemu_vm:2740| Destroying VM virt-tests-vm1 (PID 30154) 08/14 06:22:33 DEBUG| qemu_vm:2641| Shutting down VM virt-tests-vm1 (shell) 08/14 06:22:33 DEBUG| virt_vm:0682| Found/Verified IP 10.66.107.131 for VM virt-tests-vm1 NIC 0 08/14 06:22:33 DEBUG| remote:0246| Login command: 'ssh -o UserKnownHostsFile=/dev/null -o StrictHostKeyChecking=no -o PreferredAuthentications=password -p 22 root@10.66.107.131' 08/14 06:22:33 DEBUG|qemu_monit:0282| (monitor catch_monitor) Sending command 'info registers' (via Human Monitor) 08/14 06:22:38 DEBUG|qemu_monit:0282| (monitor catch_monitor) Sending command 'info registers' (via Human Monitor) 08/14 06:22:43 DEBUG|qemu_monit:0282| (monitor catch_monitor) Sending command 'info registers' (via Human Monitor) 08/14 06:22:46 INFO | aexpect:0965| [qemu output] (Process terminated with status 0) 08/14 06:22:46 DEBUG| qemu_vm:2747| VM virt-tests-vm1 down (shell) 08/14 06:22:47 DEBUG| utils:0114| Running '/usr/sbin/ovs-vswitchd "--version"' 08/14 06:22:47 DEBUG| utils:0114| Running '/usr/sbin/ovs-vswitchd "--version"' 08/14 06:22:47 DEBUG| utils:0114| Running '/sbin/lsmod' 08/14 06:22:47 DEBUG|utils_misc:1958| Could not find params qemu-img in /home/autotest/client/tests/virt/backends/qemu/qemu-img, searching the host PATH for one to use 08/14 06:22:47 DEBUG|utils_misc:1960| Found /bin/qemu-img 08/14 06:22:47 DEBUG|qemu_stora:0429| Checking image file /home/autotest/client/tests/virt/shared/data/images/rhel66-64-virtio.qcow2 08/14 06:22:47 DEBUG| utils:0114| Running '/bin/qemu-img info /home/autotest/client/tests/virt/shared/data/images/rhel66-64-virtio.qcow2' 08/14 06:22:47 DEBUG| utils:0114| Running '/bin/qemu-img check /home/autotest/client/tests/virt/shared/data/images/rhel66-64-virtio.qcow2' 08/14 06:22:47 WARNI|env_proces:1280| virt-tests-vm1 is not alive. Can't query the register status 08/14 06:22:47 DEBUG|env_proces:1267| Thread quit. Used to failed to get register info from guest 20150814-060833-2xExPyBP for 1 times. 08/14 06:22:47 DEBUG| utils:0114| Running 'true' 08/14 06:22:47 DEBUG| utils:0114| Running 'ps -o comm 1' 08/14 06:22:47 DEBUG| utils:0114| Running 'dmesg' 08/14 06:22:48 ERROR| test:0414| Exception escaping from test: Traceback (most recent call last): File "/home/autotest/client/shared/test.py", line 411, in _exec _call_test_function(self.execute, *p_args, **p_dargs) File "/home/autotest/client/shared/test.py", line 823, in _call_test_function return func(*args, **dargs) File "/home/autotest/client/shared/test.py", line 291, in execute postprocess_profiled_run, args, dargs) File "/home/autotest/client/shared/test.py", line 212, in _call_run_once self.run_once(*args, **dargs) File "/home/autotest/client/tests/virt/virt.py", line 155, in run_once run_func(self, params, env) File "/home/autotest/client/tests/virt/test-providers.d/downloads/io-github-autotest-qemu/generic/tests/module_probe.py", line 40, in run installer_object.unload_modules() File "/home/autotest/client/tests/virt/virttest/base_installer.py", line 368, in unload_modules utils.unload_module(module) File "/home/autotest/client/base_utils.py", line 754, in unload_module unload_module(module) File "/home/autotest/client/base_utils.py", line 763, in unload_module "Can not unload it." % module_name) TestNAError: Module kvm_amd is still in use. Can not unload it.
]]>
</failure>
</testcase>
<testcase classname="autotest.virt" name="qemu.repeat1.smp_16.16384m.Host_RHEL.7.2.spice.qcow2.virtio_blk.up.virtio_net.RHEL.6.6.x86_64.io-github-autotest-qemu.boot" time="78.000000"/>
<testcase classname="autotest.virt" name="qemu.repeat1.smp_16.16384m.Host_RHEL.7.2.spice.qcow2.virtio_blk.up.virtio_net.RHEL.6.6.x86_64.io-github-autotest-qemu.reboot" time="1230.000000"/>
<testcase classname="autotest.virt" name="qemu.repeat1.smp_16.16384m.Host_RHEL.7.2.spice.qcow2.virtio_blk.up.virtio_net.RHEL.6.6.x86_64.io-github-autotest-qemu.stop_continue.stop_cont_only" time="22.000000"/>
<testcase classname="autotest.virt" name="qemu.repeat1.smp_16.16384m.Host_RHEL.7.2.spice.qcow2.virtio_blk.up.virtio_net.Win7.x86_64.sp1.io-github-autotest-qemu.system_reset_bootable" time="378.000000"/>
<testcase classname="autotest.virt" name="qemu.repeat1.smp_16.16384m.Host_RHEL.7.2.spice.qcow2.virtio_blk.up.virtio_net.Win7.x86_64.sp1.io-github-autotest-qemu.system_powerdown" time="46.000000"/>
<testcase classname="autotest.virt" name="qemu.repeat1.smp_16.16384m.Host_RHEL.7.2.spice.qcow2.virtio_blk.up.virtio_net.Win7.x86_64.sp1.io-github-autotest-qemu.system_reset_during_boot" time="485.000000"/>
<testcase classname="autotest.virt" name="qemu.repeat1.smp_16.16384m.Host_RHEL.7.2.spice.qcow2.virtio_blk.up.virtio_net.Win7.x86_64.sp1.io-github-autotest-qemu.module_probe" time="82.000000">
<failure message="Test virt.qemu.repeat1.smp_16.16384m.Host_RHEL.7.2.spice.qcow2.virtio_blk.up.virtio_net.Win7.x86_64.sp1.io-github-autotest-qemu.module_probe is Not Applicable: Module kvm_amd is still in use. Can not unload it." type="Failure">
<![CDATA[
08/14 07:00:25 DEBUG| utils:0114| Running 'git describe --abbrev=4' 08/14 07:00:25 DEBUG| utils:0114| Running 'git rev-parse --abbrev-ref HEAD' 08/14 07:00:25 DEBUG| utils:0114| Running 'git show --summary --pretty='%H' | head -1' 08/14 07:00:26 INFO | virt:0057| Virt Test 'unknown
]]>
<![CDATA[
', Branch 'master', SHA1 'dab1b48894b4bc13d8899061fa23a9c08379e85b' 08/14 07:00:26 DEBUG| virt:0059| Test parameters: 08/14 07:00:26 DEBUG| virt:0063| _name_map_file = {'tests-example.cfg': 'repeat1.smp_16.16384m.virtio_block_test.basic', 'subtests.cfg': '(subtest=io-github-autotest-qe
]]>
<![CDATA[
mu).(subtest=module_probe)', 'guest-hw.cfg': 'no_virtio_rng.(image_backend=filesystem).no_9p_export.smallpages.no_pci_assignable.qcow2.virtio_blk.up.virtio_net', 'guest-os.cfg': 'Windows.Win7.x86_64.sp1', 'machines.cfg': 'i440fx', 'guest-hw-internal.cfg': 'spice.local_stg', 'host-kernel.cfg': 'Host_
]]>
<![CDATA[
RHEL.7.2'} 08/14 07:00:26 DEBUG| virt:0063| _short_name_map_file = {'tests-example.cfg': 'repeat1.smp_16.16384m.virtio_block_test.basic', 'subtests.cfg': 'io-github-autotest-qemu.module_probe', 'guest-hw.cfg': 'no_virtio_rng.filesystem.no_9p_export.smallpages.no_pci_assignable.qcow2.virtio_
]]>
<![CDATA[
blk.up.virtio_net', 'guest-os.cfg': 'Windows.Win7.x86_64.sp1', 'machines.cfg': 'i440fx', 'guest-hw-internal.cfg': 'spice.local_stg', 'host-kernel.cfg': 'Host_RHEL.7.2'} 08/14 07:00:26 DEBUG| virt:0063| address_range_base_mac_r1 = 00:11:22:33:AB:08 08/14 07:00:26 DEBUG| virt:0063| a
]]>
<![CDATA[
ddress_ranges = r1 08/14 07:00:26 DEBUG| virt:0063| always_use_tcpdump = yes 08/14 07:00:26 DEBUG| virt:0063| auto_cpu_model = yes 08/14 07:00:26 DEBUG| virt:0063| backup_dir = images/ 08/14 07:00:26 DEBUG| virt:0063| backup_image = no 08/14 07:00:26 DEBUG| v
]]>
<![CDATA[
irt:0063| backup_image_on_check_error = no 08/14 07:00:26 DEBUG| virt:0063| boot_menu = off 08/14 07:00:26 DEBUG| virt:0063| boot_once = c 08/14 07:00:26 DEBUG| virt:0063| boot_order = cdn 08/14 07:00:26 DEBUG| virt:0063| catch_monitor = catch_monitor 08/14 07
]]>
<![CDATA[
:00:26 DEBUG| virt:0063| cd_format = ide 08/14 07:00:26 DEBUG| virt:0063| cdkey = 4CKQK-TK73C-GPXVB-KTDHG-RDT3X 08/14 07:00:26 DEBUG| virt:0063| cdrom_cd1 = isos/windows/winutils.iso 08/14 07:00:26 DEBUG| virt:0063| cdrom_check_cdrom_pattern = \d\s+(\w).*CD-ROM 08
]]>
<![CDATA[
/14 07:00:26 DEBUG| virt:0063| cdrom_get_cdrom_cmd = echo list volume > check_cdrom && echo exit >> check_cdrom && diskpart /s check_cdrom 08/14 07:00:26 DEBUG| virt:0063| cdrom_info_cmd = wmic cdrom list full 08/14 07:00:26 DEBUG| virt:0063| cdrom_test_cmd = dir %s:\ 08/1
]]>
<![CDATA[
4 07:00:26 DEBUG| virt:0063| cdrom_virtio = isos/windows/virtio-win.iso.el7 08/14 07:00:26 DEBUG| virt:0063| cdroms = cd1 08/14 07:00:26 DEBUG| virt:0063| check_guest_bsod = yes 08/14 07:00:26 DEBUG| virt:0063| check_image = yes 08/14 07:00:26 DEBUG| virt:006
]]>
<![CDATA[
3| check_img = no 08/14 07:00:26 DEBUG| virt:0063| convert_ppm_files_to_png = yes 08/14 07:00:26 DEBUG| virt:0063| cpu_chk_cmd = echo %NUMBER_OF_PROCESSORS% 08/14 07:00:26 DEBUG| virt:0063| cpu_model = qemu64 08/14 07:00:26 DEBUG| virt:0063| cpu_model_flags =
]]>
<![CDATA[
,hv_relaxed,+kvm_pv_unhalt,hv_spinlocks=0x1fff,hv_vapic,hv_time 08/14 07:00:26 DEBUG| virt:0063| dd_timeout = 900 08/14 07:00:26 DEBUG| virt:0063| default_cpu_model = qemu64 08/14 07:00:26 DEBUG| virt:0063| dep = [] 08/14 07:00:26 DEBUG| virt:0063| display = spice
]]>
<![CDATA[
08/14 07:00:26 DEBUG| virt:0063| drive_cache = none 08/14 07:00:26 DEBUG| virt:0063| drive_format = virtio 08/14 07:00:26 DEBUG| virt:0063| drive_index_cd1 = 1 08/14 07:00:26 DEBUG| virt:0063| drive_index_image1 = 0 08/14 07:00:26 DEBUG| virt:0063| drive
]]>
<![CDATA[
_rerror_image1 = 08/14 07:00:26 DEBUG| virt:0063| drive_werror_image1 = 08/14 07:00:26 DEBUG| virt:0063| dst_dir = /mnt/windows 08/14 07:00:26 DEBUG| virt:0063| enable_gluster_cd1 = no 08/14 07:00:26 DEBUG| virt:0063| enable_msix_vectors = yes 08/14 07:00:26 DEB
]]>
<![CDATA[
UG| virt:0063| enable_vhostfd = yes 08/14 07:00:26 DEBUG| virt:0063| encode_video_files = yes 08/14 07:00:26 DEBUG| virt:0063| file_transfer_client = rss 08/14 07:00:26 DEBUG| virt:0063| file_transfer_port = 10023 08/14 07:00:26 DEBUG| virt:0063| free_mem
]]>
<![CDATA[
_after_test = no 08/14 07:00:26 DEBUG| virt:0063| free_mem_before_test = no 08/14 07:00:26 DEBUG| virt:0063| get_nmi_cmd = ::no_cmd 08/14 07:00:26 DEBUG| virt:0063| get_time_cmd = cmd /c echo TIME: %date% %time% 08/14 07:00:26 DEBUG| virt:0063| guest_name = Win7-6
]]>
<![CDATA[
4 08/14 07:00:26 DEBUG| virt:0063| guest_port_file_transfer = 10023 08/14 07:00:26 DEBUG| virt:0063| guest_port_remote_shell = 10022 08/14 07:00:26 DEBUG| virt:0063| host_kernel_ver_str = Host_RHEL.7.2 08/14 07:00:26 DEBUG| virt:0063| host_password = kvmautotest 0
]]>
<![CDATA[
8/14 07:00:26 DEBUG| virt:0063| host_pwd = kvmautotest 08/14 07:00:26 DEBUG| virt:0063| host_setup_flag = 0 08/14 07:00:26 DEBUG| virt:0063| hostpasswd = kvmautotest 08/14 07:00:26 DEBUG| virt:0063| hostpassword = kvmautotest 08/14 07:00:26 DEBUG| virt:0063|
]]>
<![CDATA[
image_aio = native 08/14 07:00:26 DEBUG| virt:0063| image_backend = filesystem 08/14 07:00:26 DEBUG| virt:0063| image_boot = yes 08/14 07:00:26 DEBUG| virt:0063| image_chain = 08/14 07:00:26 DEBUG| virt:0063| image_clone_command = cp --reflink=auto %s %s 08/1
]]>
<![CDATA[
4 07:00:26 DEBUG| virt:0063| image_format = qcow2 08/14 07:00:26 DEBUG| virt:0063| image_name = images/win7-64-sp1-virtio 08/14 07:00:26 DEBUG| virt:0063| image_raw_device = no 08/14 07:00:26 DEBUG| virt:0063| image_remove_command = rm -rf %s 08/14 07:00:26 DEBUG|
]]>
<![CDATA[
virt:0063| image_size = 30G 08/14 07:00:26 DEBUG| virt:0063| image_snapshot = no 08/14 07:00:26 DEBUG| virt:0063| image_unbootable_pattern = Hard Disk.*not a bootable disk 08/14 07:00:26 DEBUG| virt:0063| image_verify_bootable = yes 08/14 07:00:26 DEBUG| virt:0063| images = image1 08/14 07:00:26 DEBUG| virt:0063| images_good = 10.66.90.128:/vol/S2/kvmauto/windows_img 08/14 07:00:26 DEBUG| virt:0063| important_key = guest_name,platform,smp,mem,drive_format,nic_model,type,ksm,image_format,kvm_version,kvm_userspace_version,tag,medium,installation 08/14 07:00:26 DEBUG| virt:0063| inactivity_treshold = 1800 08/14 07:00:26 DEBUG| virt:0063| inactivity_watcher = logimage_remove_commnad = 'rm -rf %s' 08/14 07:00:26 DEBUG| virt:0063| index_enable = yes 08/14 07:00:26 DEBUG| virt:0063| indirect_image_blacklist = /dev/hda[\d]* /dev/sda[\d]* /dev/sg0 /dev/md0 08/14 07:00:26 DEBUG| virt:0063| init_pci_addr = 4 08/14 07:00:26 DEBUG| virt:0063| install_virtio = no 08/14 07:00:26 DEBUG| virt:0063| job_timeout = 0 08/14 07:00:26 DEBUG| virt:0063| keep_ppm_files = no 08/14 07:00:26 DEBUG| virt:0063| keep_ppm_files_on_error = no 08/14 07:00:26 DEBUG| virt:0063| keep_screendumps = yes 08/14 07:00:26 DEBUG| virt:0063| keep_screendumps_on_error = yes 08/14 07:00:26 DEBUG| virt:0063| keep_video_files = yes 08/14 07:00:26 DEBUG| virt:0063| keep_video_files_on_error = yes 08/14 07:00:26 DEBUG| virt:0063| kill_timeout = 60 08/14 07:00:26 DEBUG| virt:0063| kill_unresponsive_vms = yes 08/14 07:00:26 DEBUG| virt:0063| kill_vm = no 08/14 07:00:26 DEBUG| virt:0063| kill_vm_before_test = no 08/14 07:00:26 DEBUG| virt:0063| kill_vm_gracefully = yes 08/14 07:00:26 DEBUG| virt:0063| kill_vm_in_paused = yes 08/14 07:00:26 DEBUG| virt:0063| kill_vm_on_error = yes 08/14 07:00:26 DEBUG| virt:0063| kill_vm_only_when_paused = yes 08/14 07:00:26 DEBUG| virt:0063| kill_vm_timeout = 60 08/14 07:00:26 DEBUG| virt:0063| ksm = 0 08/14 07:00:26 DEBUG| virt:0063| kvm_default = {'/sys/module/kvm/parameters/ignore_msrs': 'N', '/sys/module/kvm/parameters/mmu_audit': 'N', '/sys/module/kvm/parameters/halt_poll_ns': '0', '/sys/module/kvm/parameters/tsc_tolerance_ppm': '250', '/sys/module/kvm/parameters/lapic_timer_advance_ns': '0', '/sys/module/kvm/parameters/min_timer_period_us': '500', '/sys/module/kvm/parameters/kvmclock_periodic_sync': 'Y'} 08/14 07:00:26 DEBUG| virt:0063| kvm_userspace_ver_cmd = grep -q el5 /proc/version && rpm -qa | grep ^kvm-83-.* || rpm -qa | grep qemu-kvm[-rhev]*-[0-9].*-.* | head -n 1 08/14 07:00:26 DEBUG| virt:0063| kvm_ver_cmd = grep -q el5 /proc/version && cat /sys/module/kvm/version || uname -r 08/14 07:00:26 DEBUG| virt:0063| load_count = 100 08/14 07:00:26 DEBUG| virt:0063| local_ip = ENTER.YOUR.LOCAL.EXAMPLE.COM 08/14 07:00:26 DEBUG| virt:0063| local_pwd = 08/14 07:00:26 DEBUG| virt:0063| log_mb_size = 5 08/14 07:00:26 DEBUG| virt:0063| login_timeout = 360 08/14 07:00:26 DEBUG| virt:0063| mac_ip_filter = Physical Address.*: (\w+-\w+-\w+-\w+-\w+-\w+)\s+.*IPv4 Address\W*: (\d+\.\d+\.\d+\.\d+) 08/14 07:00:26 DEBUG| virt:0063| machine_type = pc 08/14 07:00:26 DEBUG| virt:0063| main_vm = virt-tests-vm1 08/14 07:00:26 DEBUG| virt:0063| malloc_perturb = no 08/14 07:00:26 DEBUG| virt:0063| mem = 16384 08/14 07:00:26 DEBUG| virt:0063| mem_chk_cmd = wmic memphysical 08/14 07:00:26 DEBUG| virt:0063| mem_chk_cur_cmd = wmic memphysical 08/14 07:00:26 DEBUG| virt:0063| mem_chk_re_str = ([0-9]+) 08/14 07:00:26 DEBUG| virt:0063| memballoon_model = virtio 08/14 07:00:26 DEBUG| virt:0063| migrate_dest_host = ENTER.YOUR.DEST.EXAMPLE.COM 08/14 07:00:26 DEBUG| virt:0063| migrate_dest_pwd = PASSWORD.DEST.EXAMPLE 08/14 07:00:26 DEBUG| virt:0063| migrate_load_vms = 08/14 07:00:26 DEBUG| virt:0063| migrate_main_vm = virt-tests-vm1 08/14 07:00:26 DEBUG| virt:0063| migrate_port = 49152 08/14 07:00:26 DEBUG| virt:0063| migrate_proto = tcp 08/14 07:00:26 DEBUG| virt:0063| migrate_shared_storage = SHARED_IMAGE.EXAMPLE 08/14 07:00:26 DEBUG| virt:0063| migrate_source_host = ENTER.YOUR.SOURCE.EXAMPLE.COM 08/14 07:00:26 DEBUG| virt:0063| migrate_source_pwd = PASSWORD.SOURCE.EXAMPLE 08/14 07:00:26 DEBUG| virt:0063| migrate_vms = virt-tests-vm1 08/14 07:00:26 DEBUG| virt:0063| migration_test_command = ver && vol 08/14 07:00:26 DEBUG| virt:0063| monitor_type = qmp 08/14 07:00:26 DEBUG| virt:0063| monitors = qmpmonitor1 08/14 07:00:26 DEBUG| virt:0063| name = repeat1.smp_16.16384m.virtio_block_test.basic.Host_RHEL.7.2.i440fx.spice.local_stg.no_virtio_rng.(image_backend=filesystem).no_9p_export.smallpages.no_pci_assignable.qcow2.virtio_blk.up.virtio_net.Windows.Win7.x86_64.sp1.(subtest=io-github-autotest-qemu).(subtest=module_probe) 08/14 07:00:26 DEBUG| virt:0063| netdev_extra_params = 08/14 07:00:26 DEBUG| virt:0063| netdev_peer_re = \s{2,}(.*?):.*?peer=(.*?)\n 08/14 07:00:26 DEBUG| virt:0063| netdst = switch 08/14 07:00:26 DEBUG| virt:0063| nettype = bridge 08/14 07:00:26 DEBUG| virt:0063| network_query = ipconfig /all 08/14 07:00:26 DEBUG| virt:0063| nfs_iso = 10.66.90.128:/vol/S2/kvmauto/iso 08/14 07:00:26 DEBUG| virt:0063| nic_mode = tap 08/14 07:00:26 DEBUG| virt:0063| nic_model = virtio 08/14 07:00:26 DEBUG| virt:0063| nics = nic1 08/14 07:00:26 DEBUG| virt:0063| os_type = windows 08/14 07:00:26 DEBUG| virt:0063| os_variant = win7 08/14 07:00:26 DEBUG| virt:0063| package_check_cmd_kernel = uname -r 08/14 07:00:26 DEBUG| virt:0063| package_version_pattern_kernel = [\.\-\_\w\d]+ 08/14 07:00:26 DEBUG| virt:0063| password = Kvm_autotest 08/14 07:00:26 DEBUG| virt:0063| paused_after_start_vm = no 08/14 07:00:26 DEBUG| virt:0063| pci_assignable = no 08/14 07:00:26 DEBUG| virt:0063| platform = 64 08/14 07:00:26 DEBUG| virt:0063| post_command_noncritical = yes 08/14 07:00:26 DEBUG| virt:0063| post_command_timeout = 600 08/14 07:00:26 DEBUG| virt:0063| pre_check_cmd = grep 'Red Hat Enterprise Linux' /etc/redhat-release 08/14 07:00:26 DEBUG| virt:0063| profilers = 08/14 07:00:26 DEBUG| virt:0063| provider = io-github-autotest-qemu 08/14 07:00:26 DEBUG| virt:0063| qemu_binary = qemu 08/14 07:00:26 DEBUG| virt:0063| qemu_img_binary = qemu-img 08/14 07:00:26 DEBUG| virt:0063| qemu_io_binary = qemu-io 08/14 07:00:26 DEBUG| virt:0063| qemu_sandbox = off 08/14 07:00:26 DEBUG| virt:0063| qxl = on 08/14 07:00:26 DEBUG| virt:0063| qxl_dev_memory = 33554432 08/14 07:00:26 DEBUG| virt:0063| qxl_dev_nr = 1 08/14 07:00:26 DEBUG| virt:0063| reboot_command = shutdown /r /f /t 0 08/14 07:00:26 DEBUG| virt:0063| redirs = file_transfer 08/14 07:00:26 DEBUG| virt:0063| remote_ip = ENTER.YOUR.REMOTE.EXAMPLE.COM 08/14 07:00:26 DEBUG| virt:0063| remote_pwd = 08/14 07:00:26 DEBUG| virt:0063| remote_user = root 08/14 07:00:26 DEBUG| virt:0063| remove_image = no 08/14 07:00:26 DEBUG| virt:0063| requires_kernel = [">= 3.10.0-230"] 08/14 07:00:26 DEBUG| virt:0063| requires_root = yes 08/14 07:00:26 DEBUG| virt:0063| restart_network = ipconfig /renew 08/14 07:00:26 DEBUG| virt:0063| restore_image = no 08/14 07:00:26 DEBUG| virt:0063| restore_image_on_check_error = no 08/14 07:00:26 DEBUG| virt:0063| rtc_base = localtime 08/14 07:00:26 DEBUG| virt:0063| rtc_drift = slew 08/14 07:00:26 DEBUG| virt:0063| run_tcpdump = yes 08/14 07:00:26 DEBUG| virt:0063| screendump_delay = 5 08/14 07:00:26 DEBUG| virt:0063| screendump_quality = 30 08/14 07:00:26 DEBUG| virt:0063| screendump_temp_dir = /dev/shm 08/14 07:00:26 DEBUG| virt:0063| screendump_verbose = no 08/14 07:00:26 DEBUG| virt:0063| serials = serial0 08/14 07:00:26 DEBUG| virt:0063| shell_client = nc 08/14 07:00:26 DEBUG| virt:0063| shell_linesep = \r\n 08/14 07:00:26 DEBUG| virt:0063| shell_port = 10022 08/14 07:00:26 DEBUG| virt:0063| shell_prompt = ^\w:\\.*>\s*$ 08/14 07:00:26 DEBUG| virt:0063| shortname = repeat1.smp_16.16384m.Host_RHEL.7.2.spice.qcow2.virtio_blk.up.virtio_net.Win7.x86_64.sp1.io-github-autotest-qemu.module_probe 08/14 07:00:26 DEBUG| virt:0063| shutdown_command = shutdown /s /f /t 0 08/14 07:00:26 DEBUG| virt:0063| skip_cluster_leak_warn = no 08/14 07:00:26 DEBUG| virt:0063| skip_image_check_during_running = no 08/14 07:00:26 DEBUG| virt:0063| skip_image_processing = no 08/14 07:00:26 DEBUG| virt:0063| smp = 16 08/14 07:00:26 DEBUG| virt:0063| snapshot_name = vm 08/14 07:00:26 DEBUG| virt:0063| soundcards = hda-duplex 08/14 07:00:26 DEBUG| virt:0063| spice = disable-ticketing 08/14 07:00:26 DEBUG| virt:0063| spice_addr = 0 08/14 07:00:26 DEBUG| virt:0063| spice_agent_mouse = on 08/14 07:00:26 DEBUG| virt:0063| spice_gen_x509 = yes 08/14 07:00:26 DEBUG| virt:0063| spice_image_compression = auto_glz 08/14 07:00:26 DEBUG| virt:0063| spice_ipv4 = yes 08/14 07:00:26 DEBUG| virt:0063| spice_ipv6 = no 08/14 07:00:26 DEBUG| virt:0063| spice_password = 123456 08/14 07:00:26 DEBUG| virt:0063| spice_playback_compression = on 08/14 07:00:26 DEBUG| virt:0063| spice_port = generate 08/14 07:00:26 DEBUG| virt:0063| spice_secure_channels = main, inputs 08/14 07:00:26 DEBUG| virt:0063| spice_ssl = yes 08/14 07:00:26 DEBUG| virt:0063| spice_streaming_video = all 08/14 07:00:26 DEBUG| virt:0063| spice_tls_ciphers = DEFAULT 08/14 07:00:26 DEBUG| virt:0063| spice_tls_port = generate 08/14 07:00:26 DEBUG| virt:0063| spice_x509_cacert_file = ca-cert.pem 08/14 07:00:26 DEBUG| virt:0063| spice_x509_cacert_subj = /C=CZ/L=BRNO/O=SPICE/CN=my CA 08/14 07:00:26 DEBUG| virt:0063| spice_x509_cert_file = server-cert.pem 08/14 07:00:26 DEBUG| virt:0063| spice_x509_dir = yes 08/14 07:00:26 DEBUG| virt:0063| spice_x509_key_file = server-key.pem 08/14 07:00:26 DEBUG| virt:0063| spice_x509_key_password = testPassPhrase 08/14 07:00:26 DEBUG| virt:0063| spice_x509_prefix = /tmp/spice_x509d 08/14 07:00:26 DEBUG| virt:0063| spice_x509_secure = no 08/14 07:00:26 DEBUG| virt:0063| spice_x509_server_subj = /C=CZ/L=BRNO/O=SPICE/CN=my Server 08/14 07:00:26 DEBUG| virt:0063| spice_zlib_glz_wan_compression = auto 08/14 07:00:26 DEBUG| virt:0063| start_vm = yes 08/14 07:00:26 DEBUG| virt:0063| status_test_command = echo %errorlevel% 08/14 07:00:26 DEBUG| virt:0063| store_vm_register = yes 08/14 07:00:26 DEBUG| virt:0063| strict_mode = no 08/14 07:00:26 DEBUG| virt:0063| subtest = io-github-autotest-qemu.module_probe 08/14 07:00:26 DEBUG| virt:0063| sysfs_dir = /sys 08/14 07:00:26 DEBUG| virt:0063| take_regular_screendumps = no 08/14 07:00:26 DEBUG| virt:0063| test_timeout = 14400 08/14 07:00:26 DEBUG| virt:0063| top_ps_num = 15 08/14 07:00:26 DEBUG| virt:0063| try_serial_login = no 08/14 07:00:26 DEBUG| virt:0063| type = module_probe 08/14 07:00:26 DEBUG| virt:0063| url_auto_ip = 192.168.122.1 08/14 07:00:26 DEBUG| virt:0063| usb_controller_tablet1 = xhci 08/14 07:00:26 DEBUG| virt:0063| usb_devices = tablet1 08/14 07:00:26 DEBUG| virt:0063| usb_max_port = 4 08/14 07:00:26 DEBUG| virt:0063| usb_type = nec-usb-xhci 08/14 07:00:26 DEBUG| virt:0063| usb_type_tablet1 = usb-tablet 08/14 07:00:26 DEBUG| virt:0063| usb_type_usb1 = nec-usb-xhci 08/14 07:00:26 DEBUG| virt:0063| usbs = usb1 08/14 07:00:26 DEBUG| virt:0063| use_autostart = no 08/14 07:00:26 DEBUG| virt:0063| use_check_cpu = yes 08/14 07:00:26 DEBUG| virt:0063| use_debug = yes 08/14 07:00:26 DEBUG| virt:0063| use_libvirt_cdrom_switch = yes 08/14 07:00:26 DEBUG| virt:0063| use_nic_scritps = no 08/14 07:00:26 DEBUG| virt:0063| use_no_reboot = no 08/14 07:00:26 DEBUG| virt:0063| use_os_type = yes 08/14 07:00:26 DEBUG| virt:0063| use_os_variant = no 08/14 07:00:26 DEBUG| virt:0063| use_storage = local_stg 08/14 07:00:26 DEBUG| virt:0063| use_virt_install_wait = no 08/14 07:00:26 DEBUG| virt:0063| used_cpus = 08/14 07:00:26 DEBUG| virt:0063| used_mem = 08/14 07:00:26 DEBUG| virt:0063| username = Administrator 08/14 07:00:26 DEBUG| virt:0063| vcpu_cores = 0 08/14 07:00:26 DEBUG| virt:0063| vcpu_sockets = 2 08/14 07:00:26 DEBUG| virt:0063| vcpu_thread_pattern = u'thread_id':\s+(\d+) 08/14 07:00:26 DEBUG| virt:0063| vcpu_threads = 1 08/14 07:00:26 DEBUG| virt:0063| verify_host_dmesg = yes 08/14 07:00:26 DEBUG| virt:0063| vfd_size = 2880k 08/14 07:00:26 DEBUG| virt:0063| vga = qxl 08/14 07:00:26 DEBUG| virt:0063| vhost = vhost=on 08/14 07:00:26 DEBUG| virt:0063| virt_install_wait_time = 300 08/14 07:00:26 DEBUG| virt:0063| virt_test_type = qemu 08/14 07:00:26 DEBUG| virt:0063| virtio-blk-pci_scsi = 08/14 07:00:26 DEBUG| virt:0063| virtio_floppy = isos/windows/virtio-win_amd64.vfd.el7 08/14 07:00:26 DEBUG| virt:0063| virtio_port_type = serialport 08/14 07:00:26 DEBUG| virt:0063| virtio_ports = vs 08/14 07:00:26 DEBUG| virt:0063| vm_arch_name = x86_64 08/14 07:00:26 DEBUG| virt:0063| vm_register_delay = 5 08/14 07:00:26 DEBUG| virt:0063| vm_type = qemu 08/14 07:00:26 DEBUG| virt:0063| vms = 08/14 07:00:26 DEBUG| virt:0063| vnc_autoport = yes 08/14 07:00:26 DEBUG| virt:0063| workaround_qemu_qmp_crash = always 08/14 07:00:26 DEBUG|qemu_monit:0282| (monitor qmpmonitor1) Sending command 'qmp_capabilities' 08/14 07:00:26 DEBUG|qemu_monit:1411| Send command: {'execute': 'qmp_capabilities', 'id': 'OYCEEbif'} 08/14 07:00:26 DEBUG|qemu_monit:0282| (monitor qmpmonitor1) Sending command 'help' (via Human Monitor) 08/14 07:00:26 DEBUG|qemu_monit:0282| (monitor catch_monitor) Sending command 'qmp_capabilities' 08/14 07:00:26 DEBUG|qemu_monit:1411| Send command: {'execute': 'qmp_capabilities', 'id': 'teGe9cOW'} 08/14 07:00:26 DEBUG|qemu_monit:0282| (monitor catch_monitor) Sending command 'help' (via Human Monitor) 08/14 07:00:26 DEBUG| virt:0116| Searching for test modules that match 'type = module_probe' and 'provider = io-github-autotest-qemu' on this cartesian dict 08/14 07:00:26 DEBUG| utils:0114| Running 'grep -q el5 /proc/version && cat /sys/module/kvm/version || uname -r' 08/14 07:00:26 DEBUG|env_proces:0633| KVM version: 3.10.0-304.el7.x86_64 08/14 07:00:26 DEBUG| utils:0114| Running 'grep -q el5 /proc/version && rpm -qa | grep ^kvm-83-.* || rpm -qa | grep qemu-kvm[-rhev]*-[0-9].*-.* | head -n 1' 08/14 07:00:30 DEBUG|env_proces:0654| KVM userspace version: qemu-kvm-rhev-2.3.0-17.el7.x86_64 08/14 07:00:30 DEBUG| utils:0114| Running 'true' 08/14 07:00:30 DEBUG| utils:0114| Running 'ps -o comm 1' 08/14 07:00:30 DEBUG|qemu_monit:0282| (monitor qmpmonitor1) Sending command 'stop' 08/14 07:00:30 DEBUG|qemu_monit:1411| Send command: {'execute': 'stop', 'id': 'e2QT8xmX'} 08/14 07:00:30 DEBUG|qemu_monit:0282| (monitor qmpmonitor1) Sending command 'cont' 08/14 07:00:30 DEBUG|qemu_monit:1411| Send command: {'execute': 'cont', 'id': 'YivzgRJs'} 08/14 07:00:30 DEBUG|utils_misc:1909| Could not find params qemu in /home/autotest/client/tests/virt/backends/qemu/qemu, searching the host PATH for one to use 08/14 07:00:30 DEBUG|utils_misc:1912| Found /bin/qemu-kvm 08/14 07:00:30 DEBUG| utils:0114| Running '/bin/qemu-kvm -help' 08/14 07:00:30 DEBUG| utils:0114| Running '/bin/qemu-kvm -device \? 2>&1' 08/14 07:00:30 DEBUG| utils:0114| Running '/bin/qemu-kvm -M ?' 08/14 07:00:31 DEBUG| utils:0114| Running 'echo -e 'help quit' | /bin/qemu-kvm -monitor stdio -vnc none' 08/14 07:00:31 DEBUG| utils:0114| Running 'echo -e '{ "execute": "qmp_capabilities" } { "execute": "query-commands", "id": "RAND91" } { "execute": "quit" }' | (sleep 1; cat )| /bin/qemu-kvm -qmp stdio -vnc none | grep return | grep RAND91' 08/14 07:00:32 DEBUG|utils_misc:1763| Detected CPU vendor as 'AuthenticAMD' 08/14 07:00:32 WARNI| qemu_vm:1574| Set vcpu_threads to 1 for AMD cpu. 08/14 07:00:32 DEBUG| qemu_vm:1882| qemu will run in KVM mode 08/14 07:00:32 DEBUG| virt_vm:0593| VM params in env do match requested, continuing. 08/14 07:00:32 INFO |base_insta:0184| calling set install params 08/14 07:00:32 DEBUG|module_pro:0016| installer object: <virttest.base_installer.NoopInstaller object at 0x5515ad0> 08/14 07:00:32 DEBUG| utils:0114| Running '/sbin/lsmod' 08/14 07:00:32 DEBUG|qemu_monit:0282| (monitor catch_monitor) Sending command 'info registers' (via Human Monitor) 08/14 07:00:32 DEBUG| utils:0114| Running '/sbin/lsmod' 08/14 07:00:32 DEBUG| utils:0114| Running '/sbin/lsmod' 08/14 07:00:32 DEBUG| utils:0114| Running '/sbin/lsmod' 08/14 07:00:32 DEBUG| utils:0114| Running '/sbin/lsmod' 08/14 07:00:32 INFO |base_utils:0731| Module kvm-amd is not loaded 08/14 07:00:32 INFO |base_insta:0366| Unloading kernel modules: kvm kvm_amd kvm-amd 08/14 07:00:32 DEBUG| utils:0114| Running '/sbin/lsmod' 08/14 07:00:32 DEBUG| utils:0114| Running '/sbin/lsmod' 08/14 07:00:33 DEBUG| utils:0114| Running '/sbin/lsmod' 08/14 07:00:33 INFO |base_insta:0352| Loading modules from default locations through modprobe 08/14 07:00:33 DEBUG| utils:0114| Running 'modprobe kvm' 08/14 07:00:33 DEBUG| utils:0114| Running 'modprobe kvm_amd' 08/14 07:00:33 DEBUG| utils:0114| Running 'modprobe kvm-amd' 08/14 07:00:33 ERROR| virt:0171| Test failed: TestNAError: Module kvm_amd is still in use. Can not unload it. 08/14 07:00:37 DEBUG|qemu_monit:0282| (monitor catch_monitor) Sending command 'info registers' (via Human Monitor) 08/14 07:00:42 DEBUG|qemu_monit:0282| (monitor catch_monitor) Sending command 'info registers' (via Human Monitor) 08/14 07:00:47 DEBUG|qemu_monit:0282| (monitor catch_monitor) Sending command 'info registers' (via Human Monitor) 08/14 07:00:53 DEBUG|qemu_monit:0282| (monitor catch_monitor) Sending command 'info registers' (via Human Monitor) 08/14 07:00:58 DEBUG|qemu_monit:0282| (monitor catch_monitor) Sending command 'info registers' (via Human Monitor) 08/14 07:01:03 DEBUG|qemu_monit:0282| (monitor catch_monitor) Sending command 'info registers' (via Human Monitor) 08/14 07:01:08 DEBUG|qemu_monit:0282| (monitor catch_monitor) Sending command 'info registers' (via Human Monitor) 08/14 07:01:13 DEBUG|qemu_monit:0282| (monitor catch_monitor) Sending command 'info registers' (via Human Monitor) 08/14 07:01:18 DEBUG|qemu_monit:0282| (monitor catch_monitor) Sending command 'info registers' (via Human Monitor) 08/14 07:01:23 DEBUG|qemu_monit:0282| (monitor catch_monitor) Sending command 'info registers' (via Human Monitor) 08/14 07:01:28 DEBUG|qemu_monit:0282| (monitor catch_monitor) Sending command 'info registers' (via Human Monitor) 08/14 07:01:33 DEBUG| qemu_vm:2740| Destroying VM virt-tests-vm1 (PID 7527) 08/14 07:01:33 DEBUG| qemu_vm:2641| Shutting down VM virt-tests-vm1 (shell) 08/14 07:01:33 DEBUG| virt_vm:0682| Found/Verified IP 10.66.107.225 for VM virt-tests-vm1 NIC 0 08/14 07:01:33 DEBUG| remote:0246| Login command: 'nc 10.66.107.225 10022' 08/14 07:01:33 DEBUG|qemu_monit:0282| (monitor catch_monitor) Sending command 'info registers' (via Human Monitor) 08/14 07:01:38 DEBUG|qemu_monit:0282| (monitor catch_monitor) Sending command 'info registers' (via Human Monitor) 08/14 07:01:43 DEBUG|qemu_monit:0282| (monitor catch_monitor) Sending command 'info registers' (via Human Monitor) 08/14 07:01:45 INFO | aexpect:0965| [qemu output] (Process terminated with status 0) 08/14 07:01:46 DEBUG| qemu_vm:2747| VM virt-tests-vm1 down (shell) 08/14 07:01:46 DEBUG| utils:0114| Running '/usr/sbin/ovs-vswitchd "--version"' 08/14 07:01:46 DEBUG| utils:0114| Running '/usr/sbin/ovs-vswitchd "--version"' 08/14 07:01:46 DEBUG| utils:0114| Running '/sbin/lsmod' 08/14 07:01:46 DEBUG|utils_misc:1958| Could not find params qemu-img in /home/autotest/client/tests/virt/backends/qemu/qemu-img, searching the host PATH for one to use 08/14 07:01:46 DEBUG|utils_misc:1960| Found /bin/qemu-img 08/14 07:01:46 DEBUG|qemu_stora:0429| Checking image file /home/autotest/client/tests/virt/shared/data/images/win7-64-sp1-virtio.qcow2 08/14 07:01:46 DEBUG| utils:0114| Running '/bin/qemu-img info /home/autotest/client/tests/virt/shared/data/images/win7-64-sp1-virtio.qcow2' 08/14 07:01:46 DEBUG| utils:0114| Running '/bin/qemu-img check /home/autotest/client/tests/virt/shared/data/images/win7-64-sp1-virtio.qcow2' 08/14 07:01:46 WARNI|env_proces:1280| virt-tests-vm1 is not alive. Can't query the register status 08/14 07:01:46 DEBUG|env_proces:1267| Thread quit. Used to failed to get register info from guest 20150814-065323-TF0Z1u9e for 1 times. 08/14 07:01:46 DEBUG| utils:0114| Running 'true' 08/14 07:01:46 DEBUG| utils:0114| Running 'ps -o comm 1' 08/14 07:01:47 DEBUG| utils:0114| Running 'dmesg' 08/14 07:01:47 ERROR| test:0414| Exception escaping from test: Traceback (most recent call last): File "/home/autotest/client/shared/test.py", line 411, in _exec _call_test_function(self.execute, *p_args, **p_dargs) File "/home/autotest/client/shared/test.py", line 823, in _call_test_function return func(*args, **dargs) File "/home/autotest/client/shared/test.py", line 291, in execute postprocess_profiled_run, args, dargs) File "/home/autotest/client/shared/test.py", line 212, in _call_run_once self.run_once(*args, **dargs) File "/home/autotest/client/tests/virt/virt.py", line 155, in run_once run_func(self, params, env) File "/home/autotest/client/tests/virt/test-providers.d/downloads/io-github-autotest-qemu/generic/tests/module_probe.py", line 40, in run installer_object.unload_modules() File "/home/autotest/client/tests/virt/virttest/base_installer.py", line 368, in unload_modules utils.unload_module(module) File "/home/autotest/client/base_utils.py", line 754, in unload_module unload_module(module) File "/home/autotest/client/base_utils.py", line 763, in unload_module "Can not unload it." % module_name) TestNAError: Module kvm_amd is still in use. Can not unload it.
]]>
</failure>
</testcase>
<testcase classname="autotest.virt" name="qemu.repeat1.smp_16.16384m.Host_RHEL.7.2.spice.qcow2.virtio_blk.up.virtio_net.Win7.x86_64.sp1.io-github-autotest-qemu.boot" time="54.000000"/>
<testcase classname="autotest.virt" name="qemu.repeat1.smp_16.16384m.Host_RHEL.7.2.spice.qcow2.virtio_blk.up.virtio_net.Win7.x86_64.sp1.io-github-autotest-qemu.reboot" time="1445.000000"/>
<testcase classname="autotest.virt" name="qemu.repeat1.smp_16.16384m.Host_RHEL.7.2.spice.qcow2.virtio_blk.up.virtio_net.Win7.x86_64.sp1.io-github-autotest-qemu.stop_continue.stop_cont_only" time="20.000000"/>
<testcase classname="autotest.virt" name="qemu.repeat1.smp_16.16384m.Host_RHEL.7.2.spice.qcow2.virtio_blk.up.virtio_net.RHEL.6.6.x86_64.io-github-autotest-qemu.format_disk" time="172.000000"/>
<testcase classname="autotest.virt" name="qemu.repeat1.smp_16.16384m.Host_RHEL.7.2.spice.qcow2.virtio_blk.up.virtio_net.RHEL.6.6.x86_64.io-github-autotest-qemu.cdrom_test.cdrom_default" time="238.000000"/>
<testcase classname="autotest.virt" name="qemu.repeat1.smp_16.16384m.Host_RHEL.7.2.spice.qcow2.virtio_blk.up.virtio_net.RHEL.6.6.x86_64.io-github-autotest-qemu.dd_test.readwrite.zero2disk" time="96.000000"/>
<testcase classname="autotest.virt" name="qemu.repeat1.smp_16.16384m.Host_RHEL.7.2.spice.qcow2.virtio_blk.up.virtio_net.RHEL.6.6.x86_64.io-github-autotest-qemu.dd_test.readwrite.disk2null" time="16.000000"/>
<testcase classname="autotest.virt" name="qemu.repeat1.smp_16.16384m.Host_RHEL.7.2.spice.qcow2.virtio_blk.up.virtio_net.RHEL.6.6.x86_64.io-github-autotest-qemu.fillup_disk" time="301.000000"/>
<testcase classname="autotest.virt" name="qemu.repeat1.smp_16.16384m.Host_RHEL.7.2.spice.qcow2.virtio_blk.up.virtio_net.Win7.x86_64.sp1.io-github-autotest-qemu.readonly_disk" time="174.000000"/>
<testcase classname="autotest.virt" name="qemu.repeat1.smp_16.16384m.Host_RHEL.7.2.spice.qcow2.virtio_blk.up.virtio_net.Win7.x86_64.sp1.io-github-autotest-qemu.format_disk" time="158.000000"/>
<testcase classname="autotest.virt" name="qemu.repeat1.smp_16.16384m.Host_RHEL.7.2.spice.qcow2.virtio_blk.up.virtio_net.Win7.x86_64.sp1.io-github-autotest-qemu.cdrom_test.cdrom_default" time="186.000000">
<error message="Unexpected value for result in test result for test virt.qemu.repeat1.smp_16.16384m.Host_RHEL.7.2.spice.qcow2.virtio_blk.up.virtio_net.Win7.x86_64.sp1.io-github-autotest-qemu.cdrom_test.cdrom_default" type="Logparse">result=FAIL</error>
</testcase>
<testcase classname="autotest.virt" name="qemu.repeat1.smp_16.16384m.Host_RHEL.7.2.spice.qcow2.virtio_blk.up.virtio_net.RHEL.6.6.x86_64.io-github-autotest-qemu.check_coredump" time="213.000000"/>
<testcase classname="autotest.virt" name="qemu.repeat1.smp_16.16384m.Host_RHEL.7.2.spice.qcow2.virtio_blk.up.virtio_net.RHEL.6.6.x86_64.io-github-autotest-qemu.qemu_img_check" time="92.000000"/>
<testcase classname="autotest.virt" name="qemu.repeat1.smp_16.16384m.Host_RHEL.7.2.spice.qcow2.virtio_blk.up.virtio_net.Win7.x86_64.sp1.io-github-autotest-qemu.check_coredump" time="202.000000"/>
<testcase classname="autotest.virt" name="qemu.repeat1.smp_16.16384m.Host_RHEL.7.2.spice.qcow2.virtio_blk.up.virtio_net.Win7.x86_64.sp1.io-github-autotest-qemu.windows_info" time="118.000000"/>
<testcase classname="autotest.virt" name="qemu.repeat1.smp_16.16384m.Host_RHEL.7.2.spice.qcow2.virtio_blk.up.virtio_net.Win7.x86_64.sp1.io-github-autotest-qemu.qemu_img_check" time="16.000000"/>
</testsuite>
</testsuites>
